#
#model:
#
#<?xml version="1.0" encoding="UTF-8" standalone="no"?><input id="posterior" spec="beast.base.inference.CompoundDistribution">
#    <distribution id="prior" spec="beast.base.inference.CompoundDistribution">
#        <distribution id="BDSKY_Serial.t:InfluenzaAH3N2_HAgene_2009_California_heterochronous" spec="bdsky.evolution.speciation.BirthDeathSkylineModel">
#            <parameter id="origin_BDSKY_Serial.t:InfluenzaAH3N2_HAgene_2009_California_heterochronous" lower="0.0" name="origin" spec="beast.base.inference.parameter.RealParameter" upper="Infinity">1000.0</parameter>
#            <parameter dimension="5" id="reproductiveNumber_BDSKY_Serial.t:InfluenzaAH3N2_HAgene_2009_California_heterochronous" lower="0.0" name="reproductiveNumber" spec="beast.base.inference.parameter.RealParameter" upper="10.0">2.0</parameter>
#            <parameter id="becomeUninfectiousRate_BDSKY_Serial.t:InfluenzaAH3N2_HAgene_2009_California_heterochronous" lower="0.0" name="becomeUninfectiousRate" spec="beast.base.inference.parameter.RealParameter" upper="Infinity">1.0</parameter>
#            <parameter id="samplingProportion_BDSKY_Serial.t:InfluenzaAH3N2_HAgene_2009_California_heterochronous" lower="0.0" name="samplingProportion" spec="beast.base.inference.parameter.RealParameter" upper="1.0">0.01</parameter>
#            <tree id="Tree.t:InfluenzaAH3N2_HAgene_2009_California_heterochronous" spec="beast.base.evolution.tree.Tree">
#                <trait dateFormat="yyyy/M/dd" id="dateTrait.t:InfluenzaAH3N2_HAgene_2009_California_heterochronous" spec="beast.base.evolution.tree.TraitSet" traitname="date" value="CY068313_A_California_VRDL253_2009_2009/04/30=2009/04/30,CY068782_A_California_VRDL207_2009_2009/04/27=2009/04/27,CY068609_A_California_VRDL335_2009_2009/05/03=2009/05/03,CY068758_A_California_VRDL203_2009_2009/04/28=2009/04/28,CY068617_A_California_VRDL336_2009_2009/05/05=2009/05/05,CY068321_A_California_VRDL259_2009_2009/04/29=2009/04/29,CY067953_A_California_VRDL288_2009_2009/04/30=2009/04/30,CY068009_A_California_VRDL345_2009_2009/05/26=2009/05/26,CY068017_A_California_VRDL349_2009_2009/05/26=2009/05/26,CY067969_A_California_VRDL339_2009_2009/05/04=2009/05/04,CY068497_A_California_VRDL313_2009_2009/05/01=2009/05/01,CY068505_A_California_VRDL315_2009_2009/05/01=2009/05/01,CY064863_A_California_VRDL145_2009_2009/04/27=2009/04/27,CY068169_A_California_VRDL165_2009_2009/04/29=2009/04/29,CY068297_A_California_VRDL248_2009_2009/04/27=2009/04/27,CY068329_A_California_VRDL260_2009_2009/05/01=2009/05/01,CY068105_A_California_VRDL373_2009_2009/04/27=2009/04/27,CY068870_A_California_VRDL392_2009_2009/04/28=2009/04/28,CY068686_A_California_VRDL181_2009_2009/04/28=2009/04/28,CY067213_A_California_VRDL296_2009_2009/04/30=2009/04/30,CY068854_A_California_VRDL390_2009_2009/04/26=2009/04/26,CY068457_A_California_VRDL305_2009_2009/05/01=2009/05/01,CY067245_A_California_VRDL314_2009_2009/05/01=2009/05/01,CY068702_A_California_VRDL184_2009_2009/04/28=2009/04/28,CY068529_A_California_VRDL319_2009_2009/05/06=2009/05/06,CY068353_A_California_VRDL263_2009_2009/04/30=2009/04/30,CY068137_A_California_VRDL159_2009_2009/04/28=2009/04/28,CY068217_A_California_VRDL173_2009_2009/04/28=2009/04/28,CY068806_A_California_VRDL246_2009_2009/04/29=2009/04/29,CY068577_A_California_VRDL331_2009_2009/05/11=2009/05/11,CY068742_A_California_VRDL199_2009_2009/04/28=2009/04/28,CY068393_A_California_VRDL272_2009_2009/04/30=2009/04/30,CY068513_A_California_VRDL317_2009_2009/05/06=2009/05/06,CY068569_A_California_VRDL329_2009_2009/05/09=2009/05/09,CY068601_A_California_VRDL334_2009_2009/05/18=2009/05/18,CY067977_A_California_VRDL340_2009_2009/05/04=2009/05/04,CY068129_A_California_VRDL396_2009_2009/04/28=2009/04/28,CY067961_A_California_VRDL328_2009_2009/05/09=2009/05/09,CY070919_A_California_VRDL330_2009_2009/05/09=2009/05/09,CY068065_A_California_VRDL360_2009_2009/06/03=2009/06/03,CY068561_A_California_VRDL327_2009_2009/05/11=2009/05/11,CY067921_A_California_VRDL176_2009_2009/04/27=2009/04/27,CY068041_A_California_VRDL354_2009_2009/05/26=2009/05/26,CY067237_A_California_VRDL307_2009_2009/05/02=2009/05/02,CY068822_A_California_VRDL381_2009_2009/04/27=2009/04/27,CY068033_A_California_VRDL352_2009_2009/05/11=2009/05/11,CY068049_A_California_VRDL355_2009_2009/05/11=2009/05/11,CY068766_A_California_VRDL204_2009_2009/04/28=2009/04/28,CY092377_A_California_VRDL257_2009_2009/05/01=2009/05/01,CY092369_A_California_VRDL255_2009_2009/04/29=2009/04/29,CY068521_A_California_VRDL318_2009_2009/05/06=2009/05/06,CY068585_A_California_VRDL332_2009_2009/05/11=2009/05/11,CY068433_A_California_VRDL285_2009_2009/04/30=2009/04/30,CY068089_A_California_VRDL367_2009_2009/04/25=2009/04/25,CY068113_A_California_VRDL374_2009_2009/04/25=2009/04/25,CY068121_A_California_VRDL375_2009_2009/04/27=2009/04/27,CY068281_A_California_VRDL243_2009_2009/04/29=2009/04/29,CY067993_A_California_VRDL343_2009_2009/05/11=2009/05/11,CY068001_A_California_VRDL344_2009_2009/05/19=2009/05/19,CY067945_A_California_VRDL287_2009_2009/05/04=2009/05/04,CY068057_A_California_VRDL357_2009_2009/06/05=2009/06/05,CY089540_A_California_VRDL359_2009_2009/06/08=2009/06/08,CY068718_A_California_VRDL187_2009_2009/04/28=2009/04/28,CY068265_A_California_VRDL231_2009_2009/04/30=2009/04/30,CY067197_A_California_VRDL241_2009_2009/04/29=2009/04/29,CY068409_A_California_VRDL277_2009_2009/04/30=2009/04/30,CY077425_A_California_VRDL356_2009_2009/06/02=2009/06/02,CY064815_A_California_VRDL136_2009_2009/04/26=2009/04/26,CY068161_A_California_VRDL164_2009_2009/04/28=2009/04/28,CY067221_A_California_VRDL302_2009_2009/04/28=2009/04/28,CY068449_A_California_VRDL294_2009_2009/04/30=2009/04/30,CY068097_A_California_VRDL368_2009_2009/04/27=2009/04/27,CY068441_A_California_VRDL293_2009_2009/04/30=2009/04/30,CY067929_A_California_VRDL177_2009_2009/04/28=2009/04/28,CY068593_A_California_VRDL333_2009_2009/05/06=2009/05/06,CY064847_A_California_VRDL143_2009_2009/04/27=2009/04/27,CY092329_A_California_VRDL182_2009_2009/04/28=2009/04/28,CY068177_A_California_VRDL166_2009_2009/04/28=2009/04/28,CY068193_A_California_VRDL169_2009_2009/04/28=2009/04/28,CY066519_A_California_VRDL156_2009_2009/04/28=2009/04/28,CY064823_A_California_VRDL138_2009_2009/04/27=2009/04/27,CY068377_A_California_VRDL268_2009_2009/04/30=2009/04/30,CY068401_A_California_VRDL274_2009_2009/04/30=2009/04/30,CY068417_A_California_VRDL278_2009_2009/04/30=2009/04/30,CY092353_A_California_VRDL197_2009_2009/04/29=2009/04/29,CY068145_A_California_VRDL160_2009_2009/04/28=2009/04/28,CY068201_A_California_VRDL170_2009_2009/04/28=2009/04/28,CY068798_A_California_VRDL210_2009_2009/04/28=2009/04/28,CY068369_A_California_VRDL266_2009_2009/04/30=2009/04/30,CY068465_A_California_VRDL308_2009_2009/04/29=2009/04/29,CY068545_A_California_VRDL322_2009_2009/05/04=2009/05/04,CY067253_A_California_VRDL316_2009_2009/05/04=2009/05/04,CY067985_A_California_VRDL342_2009_2009/05/20=2009/05/20,CY068830_A_California_VRDL383_2009_2009/04/26=2009/04/26,CY067937_A_California_VRDL286_2009_2009/04/30=2009/04/30,CY068273_A_California_VRDL233_2009_2009/04/29=2009/04/29,CY068726_A_California_VRDL196_2009_2009/04/29=2009/04/29,CY064887_A_California_VRDL158_2009_2009/04/27=2009/04/27,CY072206_A_California_VRDL386_2009_2009/04/26=2009/04/26,CY064855_A_California_VRDL144_2009_2009/04/27=2009/04/27,CY067229_A_California_VRDL304_2009_2009/05/07=2009/05/07,CY068862_A_California_VRDL391_2009_2009/04/28=2009/04/28,CY068694_A_California_VRDL183_2009_2009/04/27=2009/04/27,CY068425_A_California_VRDL279_2009_2009/04/30=2009/04/30,CY072190_A_California_VRDL347_2009_2009/05/23=2009/05/23,CY068025_A_California_VRDL351_2009_2009/05/23=2009/05/23,CY068249_A_California_VRDL216_2009_2009/04/28=2009/04/28,CY068473_A_California_VRDL309_2009_2009/05/02=2009/05/02,CY068625_A_California_VRDL338_2009_2009/05/18=2009/05/18,CY068838_A_California_VRDL384_2009_2009/04/25=2009/04/25,CY067205_A_California_VRDL291_2009_2009/05/01=2009/05/01,CY068209_A_California_VRDL172_2009_2009/04/28=2009/04/28,CY068385_A_California_VRDL271_2009_2009/04/30=2009/04/30,CY068878_A_California_VRDL393_2009_2009/04/29=2009/04/29,CY068750_A_California_VRDL201_2009_2009/04/29=2009/04/29,CY068241_A_California_VRDL212_2009_2009/04/29=2009/04/29,CY068846_A_California_VRDL387_2009_2009/04/27=2009/04/27,CY068289_A_California_VRDL247_2009_2009/04/29=2009/04/29,CY064879_A_California_VRDL147_2009_2009/04/28=2009/04/28,CY068305_A_California_VRDL250_2009_2009/04/29=2009/04/29,CY068678_A_California_VRDL178_2009_2009/04/28=2009/04/28,CY068790_A_California_VRDL208_2009_2009/04/29=2009/04/29,CY068257_A_California_VRDL230_2009_2009/04/29=2009/04/29,CY092361_A_California_VRDL242_2009_2009/04/29=2009/04/29,CY068553_A_California_VRDL325_2009_2009/05/03=2009/05/03,CY068774_A_California_VRDL205_2009_2009/04/29=2009/04/29,CY068233_A_California_VRDL211_2009_2009/04/28=2009/04/28,CY068537_A_California_VRDL321_2009_2009/05/04=2009/05/04,CY068633_A_California_VRDL394_2009_2009/04/28=2009/04/28,CY068734_A_California_VRDL198_2009_2009/04/28=2009/04/28,CY068153_A_California_VRDL161_2009_2009/04/28=2009/04/28,CY068185_A_California_VRDL168_2009_2009/04/29=2009/04/29,CY068710_A_California_VRDL185_2009_2009/04/29=2009/04/29,CY068225_A_California_VRDL188_2009_2009/04/29=2009/04/29,CY068337_A_California_VRDL261_2009_2009/05/02=2009/05/02,CY068814_A_California_VRDL269_2009_2009/04/30=2009/04/30,CY068481_A_California_VRDL310_2009_2009/04/30=2009/04/30,CY068489_A_California_VRDL312_2009_2009/05/01=2009/05/01,CY072198_A_California_VRDL385_2009_2009/04/26=2009/04/26">
#                    <taxa id="TaxonSet.InfluenzaAH3N2_HAgene_2009_California_heterochronous" spec="beast.base.evolution.alignment.TaxonSet">
#                    </taxa>
#                </trait>
#                <taxonset idref="TaxonSet.InfluenzaAH3N2_HAgene_2009_California_heterochronous"/>
#            </tree>
#        </distribution>
#        <prior id="becomeUninfectiousRatePrior_BDSKY_Serial.t:InfluenzaAH3N2_HAgene_2009_California_heterochronous" name="distribution" x="@becomeUninfectiousRate_BDSKY_Serial.t:InfluenzaAH3N2_HAgene_2009_California_heterochronous">
#            <LogNormal id="LogNormalDistributionModel.3" meanInRealSpace="true" name="distr">
#                <parameter estimate="false" id="RealParameter.19" name="M" spec="beast.base.inference.parameter.RealParameter">52.0</parameter>
#                <parameter estimate="false" id="RealParameter.20" name="S" spec="beast.base.inference.parameter.RealParameter">1.0</parameter>
#            </LogNormal>
#        </prior>
#        <prior id="ClockPrior.c:InfluenzaAH3N2_HAgene_2009_California_heterochronous" name="distribution">
#            <parameter id="clockRate.c:InfluenzaAH3N2_HAgene_2009_California_heterochronous" lower="0.0" name="x" spec="beast.base.inference.parameter.RealParameter">1.0</parameter>
#            <LogNormal id="LogNormalDistributionModel.6" meanInRealSpace="true" name="distr">
#                <parameter estimate="false" id="RealParameter.29" name="M" spec="beast.base.inference.parameter.RealParameter">0.001</parameter>
#                <parameter estimate="false" id="RealParameter.30" lower="0.0" name="S" spec="beast.base.inference.parameter.RealParameter" upper="5.0">1.25</parameter>
#            </LogNormal>
#        </prior>
#        <prior id="FrequenciesPrior.s:InfluenzaAH3N2_HAgene_2009_California_heterochronous" name="distribution">
#            <parameter dimension="4" id="freqParameter.s:InfluenzaAH3N2_HAgene_2009_California_heterochronous" lower="0.0" name="x" spec="beast.base.inference.parameter.RealParameter" upper="1.0">0.25</parameter>
#            <distr id="Dirichlet.0" spec="beast.base.inference.distribution.Dirichlet">
#                <parameter dimension="4" estimate="false" id="RealParameter.8" name="alpha" spec="beast.base.inference.parameter.RealParameter">4.0 4.0 4.0 4.0</parameter>
#            </distr>
#        </prior>
#        <prior id="GammaShapePrior.s:InfluenzaAH3N2_HAgene_2009_California_heterochronous" name="distribution">
#            <parameter id="gammaShape.s:InfluenzaAH3N2_HAgene_2009_California_heterochronous" lower="0.1" name="x" spec="beast.base.inference.parameter.RealParameter">1.0</parameter>
#            <Exponential id="Exponential.0" name="distr">
#                <parameter estimate="false" id="RealParameter.0" name="mean" spec="beast.base.inference.parameter.RealParameter">1.0</parameter>
#            </Exponential>
#        </prior>
#        <prior id="KappaPrior.s:InfluenzaAH3N2_HAgene_2009_California_heterochronous" name="distribution">
#            <parameter id="kappa.s:InfluenzaAH3N2_HAgene_2009_California_heterochronous" lower="0.0" name="x" spec="beast.base.inference.parameter.RealParameter" upper="10.0">2.0</parameter>
#            <LogNormal id="LogNormalDistributionModel.0" name="distr">
#                <parameter estimate="false" id="RealParameter.6" name="M" spec="beast.base.inference.parameter.RealParameter">1.0</parameter>
#                <parameter estimate="false" id="RealParameter.7" name="S" spec="beast.base.inference.parameter.RealParameter">1.25</parameter>
#            </LogNormal>
#        </prior>
#        <prior id="originPrior_BDSKY_Serial.t:InfluenzaAH3N2_HAgene_2009_California_heterochronous" name="distribution" x="@origin_BDSKY_Serial.t:InfluenzaAH3N2_HAgene_2009_California_heterochronous">
#            <Gamma id="Gamma.2" name="distr">
#                <parameter estimate="false" id="RealParameter.27" name="alpha" spec="beast.base.inference.parameter.RealParameter">0.5</parameter>
#                <parameter estimate="false" id="RealParameter.28" name="beta" spec="beast.base.inference.parameter.RealParameter">2.0</parameter>
#            </Gamma>
#        </prior>
#        <prior id="reproductiveNumberPrior_BDSKY_Serial.t:InfluenzaAH3N2_HAgene_2009_California_heterochronous" name="distribution" x="@reproductiveNumber_BDSKY_Serial.t:InfluenzaAH3N2_HAgene_2009_California_heterochronous">
#            <LogNormal id="LogNormalDistributionModel.4" name="distr">
#                <parameter estimate="false" id="RealParameter.21" name="M" spec="beast.base.inference.parameter.RealParameter">0.0</parameter>
#                <parameter estimate="false" id="RealParameter.22" name="S" spec="beast.base.inference.parameter.RealParameter">1.0</parameter>
#            </LogNormal>
#        </prior>
#        <prior id="samplingProportionPrior_BDSKY_Serial.t:InfluenzaAH3N2_HAgene_2009_California_heterochronous" name="distribution" x="@samplingProportion_BDSKY_Serial.t:InfluenzaAH3N2_HAgene_2009_California_heterochronous">
#            <LogNormal id="LogNormalDistributionModel.5" meanInRealSpace="true" name="distr">
#                <parameter estimate="false" id="RealParameter.25" name="M" spec="beast.base.inference.parameter.RealParameter">0.001</parameter>
#                <parameter estimate="false" id="RealParameter.26" lower="0.0" name="S" spec="beast.base.inference.parameter.RealParameter" upper="5.0">1.25</parameter>
#            </LogNormal>
#        </prior>
#    </distribution>
#    <distribution id="likelihood" spec="beast.base.inference.CompoundDistribution" useThreads="true">
#        <distribution data="@InfluenzaAH3N2_HAgene_2009_California_heterochronous" id="treeLikelihood.InfluenzaAH3N2_HAgene_2009_California_heterochronous" spec="beast.base.evolution.likelihood.ThreadedTreeLikelihood" tree="@Tree.t:InfluenzaAH3N2_HAgene_2009_California_heterochronous">
#            <siteModel gammaCategoryCount="4" id="SiteModel.s:InfluenzaAH3N2_HAgene_2009_California_heterochronous" shape="@gammaShape.s:InfluenzaAH3N2_HAgene_2009_California_heterochronous" spec="beast.base.evolution.sitemodel.SiteModel">
#                <parameter estimate="false" id="mutationRate.s:InfluenzaAH3N2_HAgene_2009_California_heterochronous" lower="0.0" name="mutationRate" spec="beast.base.inference.parameter.RealParameter">1.0</parameter>
#                <parameter estimate="false" id="proportionInvariant.s:InfluenzaAH3N2_HAgene_2009_California_heterochronous" lower="0.0" name="proportionInvariant" spec="beast.base.inference.parameter.RealParameter" upper="1.0">0.0</parameter>
#                <substModel id="hky.s:InfluenzaAH3N2_HAgene_2009_California_heterochronous" kappa="@kappa.s:InfluenzaAH3N2_HAgene_2009_California_heterochronous" spec="beast.base.evolution.substitutionmodel.HKY">
#                    <frequencies frequencies="@freqParameter.s:InfluenzaAH3N2_HAgene_2009_California_heterochronous" id="estimatedFreqs.s:InfluenzaAH3N2_HAgene_2009_California_heterochronous" spec="beast.base.evolution.substitutionmodel.Frequencies"/>
#                </substModel>
#            </siteModel>
#            <branchRateModel clock.rate="@clockRate.c:InfluenzaAH3N2_HAgene_2009_California_heterochronous" id="StrictClock.c:InfluenzaAH3N2_HAgene_2009_California_heterochronous" spec="beast.base.evolution.branchratemodel.StrictClockModel"/>
#        </distribution>
#    </distribution>
#</input>
#
Sample	posterior	likelihood	prior	treeLikelihood	Tree.height	Tree.treeLength	clockRate	gammaShape	kappa	freqParameter.1	freqParameter.2	freqParameter.3	freqParameter.4	BDSKY_Serial	origin_BDSKY_Serial	becomeUninfectiousRate_BDSKY_Serial	reproductiveNumber_BDSKY_Serial.1	reproductiveNumber_BDSKY_Serial.2	reproductiveNumber_BDSKY_Serial.3	reproductiveNumber_BDSKY_Serial.4	reproductiveNumber_BDSKY_Serial.5	samplingProportion_BDSKY_Serial
0	-14665.550773491512	-12561.59795191935	-2103.9528215721625	-12561.59795191935	1.7855414208855533	12.083435322569692	1.0	1.0	2.0	0.25	0.25	0.25	0.25	-1565.034442177067	1000.0	1.0	2.0	2.0	2.0	2.0	2.0	0.01
10000	-5596.469631796852	-5539.778157028791	-56.691474768061376	-5539.778157028791	5.706833011338794	280.54549687467426	0.0012901528491766495	0.12750710571272358	3.8884429030023733	0.3278667098741827	0.21413892559810216	0.22664435990126477	0.23135000462645025	-35.853169839634134	14.854274641964597	0.527277605647239	1.2266533779867634	1.4589527659400532	0.5364945164863867	2.8841648141556457	7.484860410983174	0.006633597815892376
20000	-4871.783521843252	-4820.629747975143	-51.15377386810898	-4820.629747975143	7.4340940912391416	377.9366130561417	4.8158602070628857E-4	0.1	7.897857575958159	0.33768526820324896	0.20385804909850969	0.21541638759938603	0.24304029509885536	-42.97607541469074	7.612066263339685	1.2635013525134575	2.2830508113509733	1.2093804912398904	1.6906518600250031	0.9092534963323082	6.367907797356457	1.1363731086754309E-4
30000	-4649.768297454281	-4634.135392499022	-15.632904955259175	-4634.135392499022	7.299051524761136	377.9009522731072	4.406181259593737E-4	0.1029991531125013	8.435946686957335	0.3488281975046388	0.20817313402057722	0.21587090616352225	0.22712776231126178	-6.775172684816994	7.576055866951533	1.3537192635124857	2.1740807151978196	2.3608127758938147	1.5498278717157774	0.4602361794376793	6.7219474316823655	4.162934699322092E-5
40000	-4532.382131174499	-4492.28620466259	-40.095926511908694	-4492.28620466259	7.617405483108303	441.4827498473888	3.511986338475564E-4	0.10802013159510829	7.838254293672223	0.35482828695227997	0.19177224618434416	0.21927540599452974	0.2341240608688461	-31.896286195273774	7.678629285192061	1.3086986167715975	2.2754201504939116	2.2259808679348776	0.8756534248423984	0.6663691521657448	6.702997181648734	4.021021009980973E-5
50000	-4450.425447267114	-4434.568595384504	-15.85685188260971	-4434.568595384504	7.602801886130322	390.1050696329941	3.5280711584859896E-4	0.11616951612216667	10.0	0.33603057123610136	0.21769489070277873	0.21826606459544293	0.22800847346567696	-8.307126686293145	7.626463918965796	1.5946083073837258	1.7376056964370257	2.0971256722256877	1.3770883013217805	0.556086036515237	5.747553296834723	3.5938458011878885E-5
60000	-4355.479361125192	-4333.094238342214	-22.385122782977277	-4333.094238342214	7.617348561485725	429.93925706819294	2.9721456891430853E-4	0.1028007145957823	9.809981035750383	0.33686687819491634	0.21086805734251568	0.21958971381981984	0.23267535064274814	-14.751688602977879	7.626463918965796	1.7419343921723207	2.3216174671481022	1.5758709607699892	0.7474682707260092	0.5418429506912981	5.773852929972679	1.2600937782663952E-5
70000	-4290.454205656526	-4283.495410845137	-6.958794811389863	-4283.495410845137	7.583829113181418	438.3745186340243	2.9410863231450296E-4	0.16789141650539563	9.942806440451678	0.3314152356251288	0.2039297771292707	0.23341446187634549	0.23124052536925496	1.0212154552384618	7.6608110110858645	1.7053951961995144	2.927534017658853	1.525321925873067	0.7688921705042705	0.6363149000424686	5.797849666184768	1.6030941857081155E-5
80000	-4246.146707277129	-4266.32794029045	20.181233013320256	-4266.32794029045	7.587037776369631	454.0965442228587	2.727701576207722E-4	0.11632501397012354	10.0	0.36147541175489606	0.21920086226075852	0.2014838291907257	0.21783989679361962	32.37085636284439	7.641450361226005	1.0996748262633271	2.8403654022979046	2.046400453001735	1.0382346273764875	0.04725160442653501	8.509950991251056	2.7337664868013112E-5
90000	-4244.240489548461	-4253.299013471645	9.058523923184342	-4253.299013471645	6.97586724122672	417.2033634322582	3.168588247229053E-4	0.17210932777032614	9.88647872923175	0.335949143460124	0.19952404974399623	0.22738893173760782	0.23713787505827197	20.072064271447744	7.501269239135992	0.884623082978673	2.936982620177909	2.9644371329555637	0.7233629701649381	0.36454902060652944	9.81454536476583	7.118653250663811E-5
100000	-4234.05438992968	-4239.563030282591	5.508640352911343	-4239.563030282591	7.261637086248046	405.4451504353949	2.715989446365916E-4	0.23856313023053008	7.4709048780793035	0.33962358752170946	0.21146943661606596	0.20414951496852812	0.24475746089369646	14.411940664821032	7.5591485350564005	1.198975827415728	3.2626316581578747	2.248307620374055	0.8133251915010091	0.40613168030364594	7.606628958790253	4.742822304708478E-5
110000	-4214.832640731681	-4233.471297885377	18.638657153696215	-4233.471297885377	7.157271337586539	417.79598693081255	3.2202277287939556E-4	0.5058948487858391	9.75799623532717	0.3331337861245871	0.2088887196006199	0.2373590220828125	0.22061847219198039	28.18226114715594	7.496405509427253	1.3655220915889463	3.124654082508423	2.0598752837673926	0.9820052636431322	0.40194713683097333	7.13329312042091	2.471154434437255E-5
120000	-4203.772614047818	-4236.058464844032	32.28585079621408	-4236.058464844032	7.433936160433253	432.72124586109703	2.752383285765566E-4	0.3171754406174061	9.210554668433005	0.3422293086748249	0.21299042767715715	0.21449207040668827	0.23028819324132965	43.303810900896565	7.549382755526281	0.9525338045476197	2.8849685926592654	3.1884021857182163	0.4717934449173043	0.2585840202783105	9.641047707755883	3.413012025367241E-5
130000	-4191.486982998216	-4231.937841373012	40.45085837479607	-4231.937841373012	7.2988530667475695	425.85783853295027	3.0730232327709674E-4	0.2523561016266096	7.819198041452991	0.33853986976983536	0.2055732830729657	0.2175693436607906	0.2383175034964082	50.62320398027532	7.383635587923009	0.915805750619111	3.178442461952215	2.7904566440397187	0.3733472931789238	0.3420110824720373	9.44334067185581	9.892802744733161E-5
140000	-4222.084530061933	-4243.505234894353	21.42070483241968	-4243.505234894353	7.299858153628377	404.0264442807303	3.48186368706792E-4	0.5093998263716196	8.611101151559577	0.35404818628535867	0.19948523317339192	0.21463647369914693	0.23183010684210253	31.44875310353916	7.313340119214667	1.1424346884301508	3.3448962718992195	2.8732192015082925	0.2954408464953986	0.4653113176547278	8.1044474308011	5.510899156222213E-5
150000	-4197.207942005211	-4235.989902062904	38.78196005769245	-4235.989902062904	7.107395105931463	406.29359722294777	2.958941488216646E-4	0.25834013851424015	8.686972882776596	0.32570038227751985	0.21644277453835434	0.21662654360983147	0.24123029957429445	47.0129353772482	7.245135996862072	1.4663909816312304	1.5258042403315193	3.1413008951389694	0.6914651090873981	0.0725168074477804	6.090528997992949	1.0791320648833428E-4
160000	-4198.978246770113	-4221.249823312487	22.271576542373495	-4221.249823312487	7.135146798837516	392.31391960676774	3.160676787479995E-4	0.40312322503384196	7.714524348091856	0.3509404110562883	0.19655401688428586	0.21436311328017899	0.238142458779247	32.11818729355036	7.135906348123199	1.213243385312193	2.5695261504764257	2.4982774184176075	1.0464927219510909	0.11559395759178402	8.14249025217506	4.5577829760462604E-5
170000	-4213.34405337353	-4257.137978405795	43.79392503226552	-4257.137978405795	7.049987805519599	395.6778494357736	2.8679810110494E-4	0.41337818821511485	7.84159985204704	0.3366444764724568	0.1914048773445034	0.23804390184829474	0.23390674433474512	52.512623912871845	7.118069847263727	1.1884311087405026	2.4527919096942816	2.922896314457419	0.5842197918434754	0.20513933501224782	7.660910063429329	1.0833988321411386E-4
180000	-4223.506383420179	-4251.684113604618	28.177730184438484	-4251.684113604618	6.815864197389674	343.85370530830863	3.5817979385874667E-4	0.26176143889694986	9.63901792257787	0.33652003681139975	0.2009594279542812	0.22003737661567613	0.24248315861864295	36.37664058250732	7.081320758669482	1.3135525810019615	1.8761007268015617	2.265425302119954	1.0366754415872037	0.5791679727650254	7.373068906023537	5.682745500309217E-5
190000	-4248.043862659271	-4239.615518317102	-8.428344342169499	-4239.615518317102	7.049944795490516	405.0219278072049	3.0706906164684224E-4	0.3456228011795201	7.864399329652019	0.333466805895387	0.2007652857586967	0.21054601009441662	0.25522189825149966	-1.1159268109436198	7.162912731002741	1.4973167088124841	2.2780299720889854	1.1547976278806875	1.4800336300865506	0.11377542270585955	6.114629690941714	1.0794387800801286E-4
200000	-4209.721270868901	-4231.010374698565	21.289103829663652	-4231.010374698565	6.923928313646096	382.5577393117761	3.118231862242011E-4	0.43968381053671735	9.794295542224223	0.3536918155491139	0.18076107726528926	0.21851519873459277	0.24703190845100412	30.965523906844396	7.167548175466241	1.1284559406704495	4.292893376766273	0.48392195715184994	1.7893458720671955	0.2589408324872043	7.79834678758602	1.2658070826399408E-4
210000	-4208.589137094279	-4244.4731887308535	35.88405163657406	-4244.4731887308535	6.540525273139545	350.864691372577	3.001856445158478E-4	0.44193370591598724	9.549752167164776	0.33838306835289084	0.21037623004949063	0.20909771403264255	0.24214298756497607	46.034956181274254	7.018705819809974	1.1892923628057148	4.631357168720085	1.209167249658975	1.8984823089519953	0.2445924372931848	7.501911667669079	1.4126512243419064E-4
220000	-4239.198837011585	-4244.108850175532	4.910013163946926	-4244.108850175532	6.520707437776878	320.4164462189507	3.8033794774286917E-4	0.3222756596776697	8.278366203432784	0.3380927217548789	0.1929343398297385	0.2227781002346176	0.24619483818076493	13.042377258153465	6.984484408116898	1.0790766661636793	1.1093630586454382	2.1155685134316493	1.2236605616416358	0.5230688298934522	8.269885623871836	1.6969713002569874E-4
230000	-4238.649833909845	-4248.583535673976	9.933701764131131	-4248.583535673976	7.062588310813851	308.28848664868156	4.268808642771052E-4	0.7093059830368883	8.113980933097045	0.33037903155583354	0.2091644508703102	0.22618612458518597	0.23427039298867017	14.822658526134319	7.114859391177618	2.5969101309781584	1.584279835643995	1.2191074286239265	1.4648517963880558	0.46139937257614694	4.074422552663436	4.273122205986752E-5
240000	-4218.724334035551	-4232.429776586378	13.705442550826959	-4232.429776586378	6.869194080416741	321.127868749929	3.8732651367009806E-4	0.9392031944519557	8.947823706372798	0.34050615797637473	0.20502579509823604	0.22373337136233995	0.23073467556304927	19.257501731121067	7.224277428740376	2.447421091920097	1.3880750546246179	1.7656870192764689	1.2712376867846713	0.5190165596488561	4.18843969546783	5.20164623435693E-5
250000	-4197.731525181021	-4233.458066053854	35.726540872832274	-4233.458066053854	6.787736879215963	301.94214300482156	3.7932487987194955E-4	0.24493257685116107	8.679452798607207	0.3355219511789734	0.20881875037761394	0.20612676795770646	0.2495325304857062	41.48580788580017	6.9927265588981085	2.105041013173948	1.4219018564359296	2.1133922333845336	1.2147585225020154	0.14406557496054173	4.675581707906262	1.4275438966741033E-4
260000	-4197.443962462133	-4247.520300257041	50.076337794908056	-4247.520300257041	6.863333981539691	310.49552250456134	4.31339849634691E-4	0.46508224874347587	8.921243502673626	0.3442371737118165	0.19140002265792277	0.20161592901739572	0.2627468746128651	57.07738312246477	6.915051536907416	1.6715963142305055	1.182401935946551	2.821206893196682	0.6365991572220472	0.2714373977975221	5.325361052822579	4.3757435421889687E-4
270000	-4201.337328076902	-4242.407164289911	41.06983621300877	-4242.407164289911	6.7371230455156095	313.2458149412332	4.2007740074908657E-4	0.9860265402954169	8.615729927780773	0.34716345202843135	0.19773175983266617	0.21555027803465363	0.23955451010424883	47.16328836252467	6.755988776276785	2.2460761881003153	1.9501033704992703	2.409497840443363	0.7352901440114343	0.4917690072640424	4.509319229627022	1.0927994958943823E-4
280000	-4237.197798070807	-4239.115667893809	1.9178698230012987	-4239.115667893809	6.788707475365874	346.9760860692047	3.451356138609079E-4	0.7014359386424717	9.14236836418053	0.34704108345397866	0.1969261564604841	0.22549061558168898	0.23054214450384836	8.619087966002098	6.808557167774472	1.940175534934671	2.3247546832819537	2.5905778796317196	0.6085574250341709	0.4923390642351622	4.620131235312782	2.5137607371020763E-4
290000	-4213.149878374509	-4234.493543499317	21.34366512480767	-4234.493543499317	6.581747435678553	335.8122241075274	3.406870370843434E-4	0.8295887216657533	9.68779315122026	0.34280953736305275	0.20162745970910692	0.21118876565267364	0.24437423727516672	27.86009904438083	6.6323224293251934	1.9057400308660482	1.8198274518076183	2.6448310975925744	0.306734339053626	0.7404877912645886	4.885719650559194	1.758288702036127E-4
300000	-4227.658375715961	-4237.03014259462	9.371766878659212	-4237.03014259462	6.377637003100207	347.0706903958864	3.5539272696350876E-4	0.5665894461706331	9.430516125631877	0.33049790123318873	0.1994236376230935	0.22921194891165794	0.24086651223205977	13.946690740772738	6.6323224293251934	2.431955250881941	0.9104806087411488	2.6497007573577576	0.8916244669210935	0.5030088920045749	4.162722048440093	8.161845871274076E-5
310000	-4212.469524652401	-4242.467644323497	29.99811967109609	-4242.467644323497	6.398924970549818	352.7382528832228	3.6011426530256727E-4	0.3834198952987667	8.91914490076557	0.32185855690791393	0.2163545218117575	0.22102838730278082	0.24075853397754773	36.99184066938756	6.475807580593536	1.7603850799492446	1.652591814113774	2.782396240484243	0.7810629541565279	0.5298858850051776	6.233567608313432	2.749317976445842E-5
320000	-4248.129864947293	-4240.314506735747	-7.8153582115453855	-4240.314506735747	6.416379332895442	358.3103852092259	3.9728406367702993E-4	0.30695117493052215	9.468350431600891	0.3257391193881793	0.20784403776933466	0.22677848287401617	0.23963835996847002	0.964210472674722	6.454792246557725	1.222784560531035	2.7401313078532565	2.4884807465453047	0.8859438377087888	0.361779975753836	7.685246336218319	1.6232486791090809E-4
330000	-4228.107671398227	-4239.875698352571	11.76802695434426	-4239.875698352571	6.183677381404117	316.5018007737673	3.7101552358986925E-4	0.4206682036101688	9.920419172428145	0.3466406399003367	0.19990072997338712	0.21913048368990642	0.23432814643636976	19.464994226484123	6.454792246557725	1.6258559408327393	2.312467543841808	2.562219670076942	1.104816918404958	0.5968330880922356	5.816697008904926	1.7285439063537424E-4
340000	-4208.186322663262	-4241.422858206273	33.23653554301095	-4241.422858206273	6.293112204314892	325.466465127412	4.084281370197634E-4	0.31392055017968695	8.684682076947844	0.3509507560891969	0.20136613729778563	0.20462755680703706	0.2430555498059804	41.76937137203083	6.4440888055649435	1.2928215749007217	2.4463776911872257	3.2363278753963347	0.37471964401180224	0.5299187899306534	7.578948588502364	1.0230707985270163E-4
350000	-4230.56920139306	-4253.645203425968	23.076002032907798	-4253.645203425968	5.4954750007396065	296.8462632516655	4.191981847870452E-4	0.4028213654713399	8.636765312988448	0.34549255070422236	0.19218608963814693	0.2174646623179707	0.2448566973396601	31.352726486345432	6.123760597395014	1.4583987458101577	2.2588474934735894	2.72768269009701	1.1857658866510372	0.8158679668439365	6.783470298323669	1.0204352306902845E-4
360000	-4211.594597304078	-4256.191410214005	44.59681290992761	-4256.191410214005	5.722536345719173	305.0532349587893	3.940674118987736E-4	0.34330758358283864	9.181313195990375	0.36259281231818496	0.18768134143437032	0.21160783006425454	0.2381180161831901	52.03030518193111	6.028232325448869	1.7500395756296525	3.2697563855678276	2.538553729021448	0.24564665988657422	0.6981168034747856	5.8487520065174365	1.3064913486694591E-4
370000	-4219.684780258733	-4245.401152555129	25.716372296396326	-4245.401152555129	5.757912458494547	330.1735360857479	3.261353050995653E-4	0.27286145760484054	9.00146217553895	0.33676716553241587	0.19139167337049717	0.20314835574865728	0.2686928053484297	30.679454597893255	5.763628920048766	2.4375841080320018	3.369340408235637	1.05626088109046	1.181031218404673	0.3959359410860408	4.747098239080984	7.011057930295637E-5
380000	-4217.000273153605	-4246.590461401119	29.590188247513726	-4246.590461401119	5.824755375494016	329.0068144636255	3.5996533700759003E-4	0.35584304376866716	8.896642897264288	0.3291670038112348	0.20570892709379	0.21281288468047144	0.25231118441450373	36.44604942711146	5.827302522445121	1.7550782680720847	3.1878356108265065	0.428309651804869	2.066300257872537	0.1502025270371009	5.7228295377781135	2.2785267903057158E-4
390000	-4207.677386647664	-4241.369841574683	33.692454927018574	-4241.369841574683	5.75412843566115	325.48447714905876	3.731126425536042E-4	0.38249236139635034	9.358887592342482	0.333733787347498	0.19132530800210212	0.2179822906885964	0.25695861396180353	45.10085450555516	5.787014002672901	1.0692888069608408	6.077012075338617	0.2132026675246714	1.9811389593121498	0.3166124086709384	8.385262885187016	6.451443393852905E-4
400000	-4185.742658846894	-4231.27449781952	45.53183897262554	-4231.27449781952	5.843330100119587	329.49051091107	3.9987611005230615E-4	0.7314956781865138	9.061699922200845	0.3397850232563283	0.20725373561650587	0.21679986552789363	0.23616137559927206	52.215716496913615	5.847655842975394	1.9814011654695858	3.469474132035363	0.719802187432994	1.6725580105590507	0.20435392093048318	5.552574972155228	1.0823920563863517E-4
410000	-4199.228988727259	-4247.517388754038	48.28840002677889	-4247.517388754038	5.718420292792474	308.0148038978964	4.379802153999596E-4	0.5042888119262956	9.72018078086538	0.34000082839429047	0.20700838787090894	0.218727710087905	0.2342630736468955	57.22069920125023	5.869902892040478	1.819988544368199	2.8391871438228717	1.241988766884091	1.9915660908641903	0.06625701073461794	6.249837740332303	5.2926975508118485E-5
420000	-4176.936556216993	-4240.369606085882	63.433049868888475	-4240.369606085882	5.516592385110573	290.7748849670849	4.0718843945274086E-4	0.29975730363079867	10.0	0.3396457694080272	0.2040817336645072	0.21903282882416264	0.237239668103303	72.20599733067479	5.703349979151206	1.5152575861199802	2.8868376601978696	2.3062073785253263	1.6863275616074918	0.19522808868877536	6.90573291387659	2.0436773973669391E-4
430000	-4216.2625627254665	-4252.30034794968	36.03778522421356	-4252.30034794968	5.7799010070993955	332.237957478735	3.6361184781941007E-4	0.47291313745118274	10.0	0.3579740627545868	0.20605895937461643	0.20438844718070381	0.23157853069009288	41.891876086271964	5.85069753310167	1.9173699750898707	1.4232584876563124	2.311385373260264	1.088904496362755	0.38458023049834705	5.656198252010337	9.037297898340222E-5
440000	-4213.76081266277	-4258.731071676485	44.97025901371487	-4258.731071676485	5.421784590632129	318.2528595284515	4.392633274994374E-4	0.7370289509325376	9.930384768266027	0.3444522678675215	0.19629135190283922	0.2103196334417069	0.2489367467879324	51.63515620948783	5.596934826359484	1.9869155413587265	2.175060978595283	2.1092408506622777	0.8759232537202458	0.4944232768996798	6.035545855248098	5.0408944694872055E-5
450000	-4239.166545685827	-4266.618011856167	27.45146617034007	-4266.618011856167	5.455491310997631	309.47856240882663	4.5135399438646053E-4	0.3095020851499449	7.746046386202247	0.33577558981999894	0.19520744049967348	0.21638467153682275	0.2526322981435049	37.4855209371126	5.589572752635761	1.0854000338338368	2.2200857758003085	3.2218501380806313	1.274838730213438	0.7889227764099758	9.915020885773677	1.7103440289416866E-4
460000	-4230.736871961126	-4251.413281169491	20.676409208364767	-4251.413281169491	5.419852396105361	288.6993582720195	4.0955971295736826E-4	0.3497989827944604	10.0	0.3481594614675212	0.20138423006094905	0.20415061426009415	0.24630569421143553	28.369547494398944	5.444120627262747	1.5223099510317617	2.0953818150711254	2.2009583973999223	1.203087387593465	0.8342442407879531	7.293599730563271	9.706522674077472E-5
470000	-4221.13034989445	-4259.314786890212	38.18443699576256	-4259.314786890212	5.287660300831537	278.71410838850994	5.282761301161187E-4	0.3771450070806061	9.542141328048578	0.34347946814701785	0.19584956894735486	0.2117095123736838	0.2489614505319434	45.24744185178429	5.352538950981189	1.8258478626011292	1.4038814792545635	2.5533308480374752	1.1930855527327855	0.14114484456754306	6.067529195591306	2.745716031009928E-4
480000	-4229.693460885836	-4254.627334336092	24.93387345025526	-4254.627334336092	5.117384203251656	278.3860363257469	5.07887717806626E-4	0.5143872142128902	9.62819187863533	0.3320680772153789	0.19278765896194913	0.21532352642801095	0.2598207373946609	36.52307583473589	5.182508721591559	1.0575692928773015	4.0427573000129415	2.9787562057497077	0.6775825487097734	0.7787684497351255	9.703528433849339	4.2648435691768717E-4
490000	-4238.435197340842	-4250.487056272276	12.05185893143386	-4250.487056272276	5.038694364319579	290.82868564051194	4.3878273734718074E-4	0.5160448834759408	9.855257233153939	0.32659697588174424	0.2026908609046946	0.2298307595951991	0.24088140361836202	20.59009354011812	5.134935698393057	1.443907878142714	3.949892071150441	1.5658850642992044	1.2366361936730357	0.4500170901892683	7.745464399607024	2.0277629418107807E-4
500000	-4208.648504948419	-4247.0361352370965	38.387630288677464	-4247.0361352370965	5.112639252596247	293.6302296945654	4.3699860328575205E-4	0.3802103851999741	8.40664529193643	0.33486762194276654	0.20236894801676947	0.21777055239380488	0.24499287764665917	47.411801363281484	5.12653570007719	1.341191082984091	4.935360902241587	0.688416927209134	1.3775990570512617	0.5688097163895767	8.108615547619005	4.8583413632703813E-4
510000	-4222.357480615373	-4249.279061871377	26.92158125600379	-4249.279061871377	5.0681908429368425	267.9255919558992	4.082817474750195E-4	0.4308259065981342	8.460418107623616	0.3534237197509116	0.1968063258889202	0.21721255693972097	0.2325573974204473	36.12661322115673	5.113444371889854	1.3007567176265904	4.312158976096145	1.177516477424348	1.3077643399089105	0.8852552003802266	8.537274342721469	2.763659652000905E-4
520000	-4201.000709635065	-4243.435649810836	42.43494017577159	-4243.435649810836	5.220707708665165	282.85533007554443	3.9845247201768133E-4	0.6091371143006153	8.572182608722082	0.3368663671252629	0.2123211008232647	0.2141099770736849	0.23670255497778744	51.705862170259365	5.224852911751388	1.3700435696233824	4.158104684213941	1.0887572053269925	1.8365891742120655	0.16918210183865942	8.353324081503397	2.2207775949677105E-4
530000	-4184.274658632083	-4234.292234242189	50.017575610106306	-4234.292234242189	5.207719858474973	289.3591207627619	4.4349655482816224E-4	0.3776868339694073	9.067210971688612	0.34378375409900735	0.19535853375108633	0.20874093647916545	0.25211677567074087	59.30838340268849	5.2161055571238295	1.4130848504013989	3.9711294060629503	0.9926293824087813	1.564061243421989	0.10173388752659308	8.286952814433187	2.2171002003202684E-4
540000	-4177.882282155798	-4231.80699129522	53.92470913942205	-4231.80699129522	5.2016315776051325	265.6679182642673	4.5708394610942345E-4	0.4218023875926924	9.536783940943787	0.32857728017513194	0.2113441058254798	0.2055555833764524	0.2545230306229359	62.59503614025368	5.20580587831142	1.465510627617185	2.5979250768260505	1.7140190118707044	2.0266771373824657	0.1690789497364968	8.137571606990992	1.0795045070912212E-4
550000	-4167.560828860161	-4229.687014828959	62.12618596879817	-4229.687014828959	5.166745797337587	263.9540356247549	4.670106496652558E-4	0.4067900870931289	9.889277352810852	0.32857485978027523	0.2274306835184748	0.20165560972857083	0.24233884697267918	71.77232332340799	5.2641025310537435	1.616470674129659	2.365544132283583	2.539661060357083	1.030186035636843	0.10606715700082336	6.147592249230541	0.001073969664555593
560000	-4165.17706796747	-4242.597945342871	77.42087737540038	-4242.597945342871	5.047510699781804	271.3461463169992	4.55327787526461E-4	0.3438715899154177	9.477526216212048	0.32082299904162803	0.2206400492728777	0.20894410069554611	0.2495928509899481	86.20101796126318	5.337837926868961	1.5845162326421582	2.1127188959767302	2.454837875732464	1.3361454017872159	0.10921486150408177	6.621799883340547	5.16451386303077E-4
570000	-4191.1160115688635	-4242.386742763027	51.270731194163076	-4242.386742763027	5.322030509172574	248.58093697563345	5.253772395992238E-4	0.3985770915726599	8.244333190070874	0.3383524799798608	0.21208431127488542	0.21131314249933944	0.23825006624591438	58.42489398304639	5.353620282557634	1.8787896088308504	2.3981977564549206	2.731271493038634	0.8154058991439856	0.4329141763473488	5.677175071297854	4.6925610484961866E-4
580000	-4174.135039353601	-4259.648374409448	85.51333505584594	-4259.648374409448	4.437090435600629	239.87504505721958	5.870146273009869E-4	0.3965231650383688	7.182289626835453	0.33606918034794214	0.22161143204370398	0.19815897163418816	0.24416041597416577	89.64250388523959	5.309821214245084	2.698146791204075	0.7765433647120862	2.6284408938424764	1.3620245603252124	0.3395171960895963	4.600963250700738	1.5697644602707576E-4
590000	-4202.453826601789	-4255.774389541844	53.320562940055396	-4255.774389541844	5.200134004347154	247.5556997257287	4.999287584333311E-4	0.32628877393579625	8.595700415739092	0.33318320184861505	0.21018706340614454	0.21341966379811453	0.24321007094712588	57.93072342020372	5.20824722514158	2.3771748571914753	1.5786216964239705	1.9040511793651373	1.155464429122168	0.3858893457627653	5.247207102170098	1.49187249392255E-4
600000	-4243.431296514419	-4257.102042202223	13.6707456878037	-4257.102042202223	4.836612979502618	253.89067187907378	4.4907336346024766E-4	0.466204195433313	9.979402131513442	0.33949562652485893	0.22247497262869229	0.19255446521316058	0.24547493563328823	18.996621525006844	5.194637070244434	3.097130650850977	2.079633970223632	1.6741633897318302	1.253109431020618	0.4580347071919429	3.482547694077061	8.183826370999084E-4
610000	-4201.484815727084	-4241.967854678032	40.483038950948014	-4241.967854678032	5.284708373256965	253.69575622883906	4.529509505049778E-4	0.44274166174468976	9.63160973346251	0.33774685578505265	0.22845631658979543	0.1897917240418254	0.24400510358332653	46.61434124072997	5.3297929861525715	2.392645350393301	2.1939450376726093	1.6704138271005387	1.7288164651098912	0.19935594955514344	4.7311971859098625	3.211423277142627E-4
620000	-4161.179886838726	-4231.905175750617	70.72528891189096	-4231.905175750617	5.017916064078906	243.85058299096247	4.781580639026147E-4	0.34655404180587757	9.32142342415727	0.3435304187220724	0.22455604080393893	0.19047099493650066	0.241442545537488	77.81989082365624	5.315055651239645	1.9052387010387095	0.9844797517270838	2.4819952436472583	1.6939853203557855	0.24218076958010834	5.350838067840675	7.621339902026539E-4
630000	-4183.9689843251745	-4237.729722789799	53.76073846462456	-4237.729722789799	4.862853674427773	259.0457073994668	4.825990311574038E-4	0.29403247508916674	10.0	0.3383846723135493	0.19313603010018898	0.21491225313717155	0.2535670444490902	58.72448664216961	5.185683947200468	2.280593942502381	1.1413573867732827	3.0359664393256343	0.7117656855003542	0.5625331366612899	5.102664583079786	1.5129379111967597E-4
640000	-4198.963706943276	-4250.844662560492	51.88095561721607	-4250.844662560492	4.353104734742261	242.20116006628973	5.321248247006476E-4	0.36716003696399224	10.0	0.3704774991691287	0.19559001459952305	0.19766617329731945	0.236266312934029	60.396554506133725	4.972829517356397	1.861841325612988	1.5265951836612819	3.1903741775990286	1.14330999012898	0.4219889521961164	5.409706493944819	0.0012339803333734436
650000	-4197.661996672814	-4240.980458350889	43.31846167807558	-4240.980458350889	4.799837574155344	240.85771981085105	5.092066750368065E-4	0.45955670753320127	10.0	0.36436056175818554	0.2086691818204041	0.18331436614058103	0.24365589028082937	50.5968606873862	4.8560624712582925	2.205814595771718	1.746682588014361	2.5712888099437574	1.1388676287785822	0.26856747050766	4.922939222023268	9.214922463190649E-4
660000	-4193.699726464356	-4243.18092429721	49.48119783285397	-4243.18092429721	4.687723411458533	233.56881207920583	5.822179147604371E-4	0.3645837780640819	9.52134206751022	0.3451551561843687	0.21118300991511263	0.1987014191715285	0.24496041472899008	53.91231796460352	4.718293546504834	2.9951878447212286	1.6618981689824754	2.133750242998732	0.9245933978853126	0.55588801830543	4.092674030177885	3.614208436238324E-4
670000	-4176.529172183799	-4245.386880994386	68.85770881058707	-4245.386880994386	4.661019361943516	224.40700614150788	5.718979256949537E-4	0.5693715070812242	7.942344156187041	0.32640693522454495	0.2039735952431059	0.20524676398800884	0.2643727055443403	73.39393663551544	4.699048990245441	2.8365039785637234	1.0146952268088296	2.9590976061365186	0.9440861173129578	0.5620214188438732	4.377751456504814	3.7567864791928176E-4
680000	-4188.799359626807	-4235.753301419458	46.95394179265116	-4235.753301419458	4.632730312702963	239.43097268682894	5.655474806276947E-4	0.658511371093941	9.395991721529219	0.3519650637927567	0.20831515904515743	0.21265606159880343	0.22706371556328242	53.746852869606414	4.700830820653282	2.4582020889963445	2.055149861299754	2.0115224958807874	1.273160284110063	0.2738091560457938	4.4433062579522105	9.34751952983533E-4
690000	-4168.011642201637	-4237.009571145392	68.99792894375528	-4237.009571145392	4.7449905177195655	250.66233912030648	5.218820208241438E-4	0.810350789454677	8.530853335343275	0.3410692820561092	0.2118690243767497	0.21262232005209145	0.2344393735150496	75.5291350699182	4.753290066651973	2.1317451183259917	2.742694623339104	1.923114813572974	1.0665084400641376	0.3678289053923458	5.628114960750573	3.186742351731291E-4
700000	-4160.718903544821	-4229.971229142036	69.252325597215	-4229.971229142036	4.382606886414684	214.8346538079231	6.118727958125982E-4	0.47231857372696	8.994971211382484	0.3537337466227906	0.20436880081000072	0.19399808941885657	0.24789936314835212	74.38560049702158	4.476466830713845	2.726691168005162	1.1194123591007006	2.159762497080512	1.2703206025606113	0.1620398910201333	4.787998154199789	4.0664376734581204E-4
710000	-4190.108256119576	-4242.879898189192	52.77164206961577	-4242.879898189192	4.249310958958771	207.69217532642946	5.429566483559165E-4	0.5909866775042197	9.404799277318297	0.3334510519974227	0.1969903241803521	0.21170848566803002	0.25785013815419516	59.41679421450698	4.4299926009100465	2.4366459615228853	2.610407204427234	2.2793548638911174	0.7664210771853631	0.4783856360648073	5.129520336075185	7.16668955699697E-4
720000	-4156.03862106531	-4228.924942091707	72.8863210263971	-4228.924942091707	4.08250996664491	176.25333669688408	7.636161644785495E-4	0.5445148345214341	9.955019964136662	0.3515358191581752	0.19007003069196637	0.20769315993186188	0.25070099021799663	79.87586979596301	4.126770472710442	2.8722608021508313	1.4546532836094064	2.2300522582426603	1.4846860605716499	0.4288483893295074	4.57047232510723	0.0012712423658069894
730000	-4199.404914681006	-4255.0957245961545	55.69080991514886	-4255.0957245961545	4.094171933857673	199.54355426192404	5.913736678013932E-4	0.5307078918905466	9.77373385056983	0.35613960495588565	0.21377966927886022	0.18199056958769647	0.24809015617755767	63.83656289046456	4.095701170209785	2.229651215456735	2.875123051943167	1.5736984972793595	1.3501120596562026	0.321160062895971	5.412691320786355	0.0014377402277186264
740000	-4181.854565875851	-4234.0372685326565	52.182702656805404	-4234.0372685326565	3.9667188867299368	225.47176459718912	5.604723094105015E-4	0.4936693397604366	9.28433578912768	0.35881101257047626	0.19249760418291653	0.19945920704621833	0.24923217620038887	63.21140065961441	4.108255385827942	1.3772267356797188	5.379833985329672	0.9080716071645829	1.239380326402798	0.8489308840157989	8.15409383580979	0.0013539277855040663
750000	-4172.858724756089	-4245.964177679936	73.1054529238474	-4245.964177679936	3.9573932852228397	211.83512788273893	5.453754259145626E-4	0.38690998710541247	9.38012176884843	0.35629010107047754	0.19373895713648973	0.20652140340017877	0.24344953839285405	81.18620365436675	4.119427844252443	2.040077441940061	5.38141108151127	0.8404371289623814	1.370256808692363	0.4433374378918308	6.247462547754364	6.97684679278807E-4
760000	-4179.553693038979	-4235.275914855622	55.72222181664347	-4235.275914855622	3.911405090370739	208.7604025653621	6.451221592858939E-4	0.6324778090534162	9.800206820338044	0.35741935322509244	0.19347609933282947	0.19173019615526876	0.2573743512868094	61.97762431175579	3.9504190888670494	2.897426233945786	3.0398871229859634	1.3881319981618914	0.5547556220716268	1.1135469194557828	4.424829101659889	8.047276960880327E-4
770000	-4214.258338884296	-4246.112952502972	31.8546136186758	-4246.112952502972	3.81780487351553	215.69191274375584	4.819306202644853E-4	0.1969358531820673	9.74940143462552	0.35757278215454763	0.2062117160987759	0.20370905223696364	0.23250644950971278	41.09669496247204	3.8364799449486764	1.5855273063276134	4.228955199111763	1.0981227380884961	1.113322959538802	1.2640127250154234	8.032042412232052	8.511124703549263E-4
780000	-4207.246371200158	-4239.363371430229	32.11700023007019	-4239.363371430229	3.7803721574914344	209.65883915890547	5.773617295230908E-4	0.25021060993134175	9.559560848216787	0.3366249319318082	0.20919209033815625	0.20000106653227695	0.2541819111977586	37.48127538377116	3.8358138145932483	2.840836534182586	2.875978512445713	0.8884452721459578	1.2688354005646463	0.9132568819903055	4.382956356513772	8.081673421978428E-4
790000	-4173.561544896163	-4230.594811281347	57.03326638518378	-4230.594811281347	3.692160349751292	186.5720569603759	6.44388043342262E-4	0.3449585149436774	9.691908382285332	0.33825494095483377	0.21887692402102726	0.18707725414170065	0.25579088088243856	63.28863887730307	3.7510464071154006	3.00154461116943	3.018842428924123	1.2654758184892851	1.2366111789532457	0.8116253421473967	4.31561061730872	0.0010885221535318732
800000	-4182.763971582728	-4218.367638394248	35.6036668115206	-4218.367638394248	3.5974227343084673	177.05126894132206	7.679556381256703E-4	0.43827788281477736	9.678724757928947	0.345995807209894	0.21147948461912125	0.19234019545262707	0.25018451271835784	41.53372658165665	3.612403949215399	3.260635208561706	2.306435896608362	1.4689046264363048	1.2982925299208987	0.8571066802005742	4.100394852374874	0.0010152378494145574
810000	-4156.901204172744	-4242.463337332844	85.56213316010049	-4242.463337332844	3.5202401624802624	158.83748906379995	7.729060871540234E-4	0.4185496420788253	9.651731952733961	0.3539203217243468	0.20461328749224977	0.20247040332335461	0.23899598746004888	89.41746474929352	3.7499969062008116	4.312427075298444	0.8522241735176039	1.6739233215102802	1.8219627835041061	0.6302319142811122	3.4572207041260192	6.673460284854112E-4
820000	-4156.987336387497	-4246.3077342354	89.3203978479032	-4246.3077342354	3.674367533876894	164.84878093981675	8.531437701887501E-4	0.6808257717453665	9.753801034942299	0.35109689992779913	0.21181857491816944	0.2011046876980783	0.2359798374559532	95.24675087460406	3.7153133004117382	3.572392566585743	1.1810162518657807	1.8352069907736	1.8370382793489248	0.2977607180935391	3.9136091368811456	0.0012062672220197344
830000	-4170.619877205196	-4237.809130842956	67.18925363775973	-4237.809130842956	3.820545342451609	181.96823356611472	7.025690006191739E-4	0.6253871291814702	10.0	0.358067363684349	0.19960647982627755	0.20273619400656917	0.23958996248280426	73.85924837487994	3.911604903420547	3.231341054297353	2.593939598400799	1.3426024771800211	1.8648004743012307	0.29066288699017817	4.032567805619609	0.0010919656185344171
840000	-4168.492682623641	-4229.530681174015	61.037998550373885	-4229.530681174015	3.6444022939735277	183.47001959742076	7.218969946624861E-4	0.4039101384695607	9.160270164195158	0.35296147750004675	0.18573423156506214	0.20717957149168595	0.25412471944320514	69.5892250137992	3.7706655571908176	2.359823596133773	2.5180500968611716	1.55364354516499	1.6910500961926862	0.31225905951082367	5.112008799821033	0.002232413926921796
850000	-4170.020860515424	-4227.640644478836	57.61978396341216	-4227.640644478836	3.700383367818425	181.5449509133544	7.399125032268553E-4	0.3513376113906746	9.818743033998587	0.35140989164167713	0.19726806044068787	0.2146831293367794	0.23663891858085567	63.09746390433702	3.7081754363506594	3.2837651562973136	2.3504184113425466	1.5612603955461448	1.3675458385569148	0.6777363452710644	4.2953788340884715	6.961957158776625E-4
860000	-4143.48912020111	-4228.235329048434	84.74620884732393	-4228.235329048434	3.651600076779426	185.38495363340687	6.781058018116029E-4	0.14312002359086243	7.924264054023401	0.35948507359310977	0.2109229582767563	0.1965290138279186	0.23306295430221538	91.59186040108807	3.6813484603935467	3.0378103850984592	2.9821089024023935	1.3009376854990848	1.4422623158997958	0.21665233094972833	4.3766226577416205	0.0019481298614214407
870000	-4192.401036382505	-4224.921691670756	32.52065528825185	-4224.921691670756	3.8422645872528802	191.5014890098028	7.498579841580091E-4	0.6312932207186946	8.058338116006336	0.34845752509346956	0.21832116374850996	0.20671886699077308	0.22650244416724732	42.290274105771516	3.913386260107438	1.944081557336331	1.8593457241100022	1.9302314028988872	1.3057842288600343	0.5146054693331474	5.761756425635723	0.0036045067440380017
880000	-4178.751227345702	-4230.26654263271	51.51531528700773	-4230.26654263271	3.811390683711318	182.54797373213623	6.808597627512958E-4	0.6147613623297128	8.887943930048856	0.3573865163249095	0.19687062239424313	0.22249805750345963	0.22324480377738784	58.45450273186816	3.924500930262259	2.3653662606813115	2.6291797072283574	1.1074217634353847	1.7204062165706506	0.5735146313717026	5.491212949952143	8.135996867913768E-4
890000	-4162.64733862083	-4233.372907888036	70.72556926720614	-4233.372907888036	3.5233304878909784	156.11477103347937	8.998490248640062E-4	0.7980195580238516	9.566900385116131	0.35841747535872703	0.2037021820638486	0.1846352564826781	0.2532450860947464	82.4940173403009	3.717986331492534	1.6813693954506943	0.2774121915705682	2.5740727046952663	3.076170153814377	0.30953283564524403	6.926813167805705	0.0033420709134891996
900000	-4176.613400385298	-4235.674476243315	59.061075858017944	-4235.674476243315	3.4921536185545636	161.82385555079483	7.841503968501817E-4	0.5104717363479152	9.16218713958722	0.3578063568320889	0.20021562306058452	0.19604751794360598	0.24593050216372062	70.127750665012	3.539605543782901	2.0781525504873763	3.1304494825683484	2.5461062623036934	1.6819006941259935	0.7438713872623339	6.0920343621947355	0.002532497618177433
910000	-4143.771004317097	-4235.5057034394085	91.73469912231167	-4235.5057034394085	3.4482785662179243	171.6034573555791	7.337965220145947E-4	0.4229977375344143	8.852784992099021	0.3577942842700496	0.20058532795870476	0.20642678159454708	0.23519360617669863	101.74785467882333	3.578120533265019	2.31431801237957	1.848039747501932	2.2196487318097335	1.9605488392700752	0.29379745377968847	5.1144548006872625	0.004064474898362499
920000	-4142.094471195723	-4238.473462487497	96.37899129177435	-4238.473462487497	3.4215222785165365	163.96917787038362	7.632312101947699E-4	0.40591121512329903	8.686572891601296	0.3604515379337799	0.20516644465314637	0.19242311138288548	0.2419589060301882	103.35914929687715	3.5448800473456017	2.7131178183727775	2.1143464068384747	1.737476046150204	2.072904734816502	0.2592512504712789	5.357633903891062	9.073669073765097E-4
930000	-4143.5808574269395	-4240.137198812232	96.55634138529267	-4240.137198812232	3.066935830267928	146.24617502586952	8.383277773255408E-4	0.7406903235540416	9.61446625250037	0.3358431537419138	0.20942001351092787	0.19192613616384327	0.26281069658331524	104.08051686522154	3.421188532557662	3.469411213903355	1.7881793544466547	2.0397544364259512	1.5580013617306905	0.4434719417459521	3.8851950988008306	0.002422932511066015
940000	-4126.085617694996	-4246.226372450258	120.14075475526282	-4246.226372450258	2.9578633715063676	127.02223304864181	0.0010258544537308314	0.3239387249055204	9.176543511002023	0.3361881231263927	0.20281084942718042	0.20183691205849155	0.2591641153879354	130.76032471326008	3.429452680174255	2.650465643754484	2.981348940226506	1.865756681817863	2.597396209595074	0.34499586027190043	5.134669890883185	0.0032188677002346257
950000	-4110.246801575953	-4232.588156602404	122.34135502645073	-4232.588156602404	3.365723034405713	144.12992383946337	9.867021217886884E-4	0.5906883182722679	9.834854788552805	0.33593694596718704	0.2081677435671275	0.19214443513742227	0.2637508753282633	128.78919966684072	3.482300987742294	3.213489264491866	1.4452834922383475	0.9034449866392539	2.699494898719257	0.1785620617155696	4.529547056033073	0.0010361837677672593
960000	-4132.348571094786	-4237.838363492457	105.48979239767085	-4237.838363492457	3.3931277685623162	148.72629795316854	9.100238741373484E-4	0.1898972590208448	8.111701931663095	0.34036576235853205	0.2010388385403034	0.20567461973835383	0.25292077936281077	112.77901276724555	3.4673224753685727	3.2983132706348743	2.690445991006016	0.5402356372823146	2.76023384407734	0.2923601992329205	3.9506608843530535	0.002472710315925257
970000	-4153.975656860447	-4230.292479663334	76.31682280288723	-4230.292479663334	3.383529420990813	153.73740017872288	7.057223298738702E-4	0.34666882711703584	8.1859121059186	0.3440908801136243	0.19985552811426358	0.19594081722478157	0.2601127745473306	84.7437519318405	3.4442354522083414	3.0400661742161703	3.1938283732076704	1.0633118757424054	3.046455099842732	0.2464079559722135	4.308136475359438	0.002311177325254867
980000	-4128.987855598635	-4228.784778893285	99.79692329465011	-4228.784778893285	3.4788517486622816	150.97466884515777	7.186549658511565E-4	0.4320321682701246	8.103810821732633	0.35062442546839234	0.20547312922499375	0.18638570147451863	0.2575167438320954	107.06752791765888	3.5088277792004825	2.7486438630522527	2.5114691556551616	0.5967828824664102	2.3295181182184703	0.4038125624841664	4.527929240660219	0.002255330363694853
990000	-4160.389490556249	-4241.28977060819	80.90028005194137	-4241.28977060819	3.4554036553103815	155.06734990166515	8.383908531393077E-4	0.3556740962599307	7.968074714126218	0.33480469024312043	0.1973016044714086	0.22713507218310316	0.2407586331023679	86.25410721768048	3.5505115455158567	3.2705680490671685	2.6351137538514466	0.4118237653299347	2.542903139695725	0.554610159078548	4.407152400390014	7.485312096940925E-4
1000000	-4149.4251376369075	-4243.509318487083	94.08418085017541	-4243.509318487083	3.4836683287073766	161.35129238222106	7.861314091207804E-4	0.34231351654700737	8.021127880017161	0.333510118916362	0.2062007665352446	0.20009551735963357	0.2601935971887598	104.09117850595703	3.5117724266192343	1.928083580915671	2.8920131894573626	0.7156556464919969	3.087072266170088	0.43068239183561735	6.20259535952427	0.002813033306851292
