#
#model:
#
#<?xml version="1.0" encoding="UTF-8" standalone="no"?><input id="posterior" spec="beast.base.inference.CompoundDistribution">
#    <distribution id="prior" spec="beast.base.inference.CompoundDistribution">
#        <distribution id="YuleModel.t:noncoding" spec="beast.base.evolution.speciation.YuleModel">
#            <parameter id="birthRate.t:noncoding" lower="0.0" name="birthDiffRate" spec="beast.base.inference.parameter.RealParameter">1.0</parameter>
#            <tree id="Tree.t:noncoding" spec="beast.base.evolution.tree.Tree">
#                <taxonset id="TaxonSet.noncoding" spec="beast.base.evolution.alignment.TaxonSet">
#                    <alignment filter="1,458-659,897-898" id="noncoding" spec="beast.base.evolution.alignment.FilteredAlignment">
#                    </alignment>
#                </taxonset>
#            </tree>
#        </distribution>
#        <distribution id="YuleModel.t:1stpos" spec="beast.base.evolution.speciation.YuleModel">
#            <parameter id="birthRate.t:1stpos" lower="0.0" name="birthDiffRate" spec="beast.base.inference.parameter.RealParameter">1.0</parameter>
#            <tree id="Tree.t:1stpos" spec="beast.base.evolution.tree.Tree">
#                <taxonset id="TaxonSet.1stpos" spec="beast.base.evolution.alignment.TaxonSet">
#                    <alignment data="@primate-mtDNA" filter="2-457\3,660-896\3" id="1stpos" spec="beast.base.evolution.alignment.FilteredAlignment"/>
#                </taxonset>
#            </tree>
#        </distribution>
#        <distribution id="YuleModel.t:2ndpos" spec="beast.base.evolution.speciation.YuleModel">
#            <parameter id="birthRate.t:2ndpos" lower="0.0" name="birthDiffRate" spec="beast.base.inference.parameter.RealParameter">1.0</parameter>
#            <tree id="Tree.t:2ndpos" spec="beast.base.evolution.tree.Tree">
#                <taxonset id="TaxonSet.2ndpos" spec="beast.base.evolution.alignment.TaxonSet">
#                    <alignment data="@primate-mtDNA" filter="3-457\3,661-896\3" id="2ndpos" spec="beast.base.evolution.alignment.FilteredAlignment"/>
#                </taxonset>
#            </tree>
#        </distribution>
#        <distribution id="YuleModel.t:3rdpos" spec="beast.base.evolution.speciation.YuleModel">
#            <parameter id="birthRate.t:3rdpos" lower="0.0" name="birthDiffRate" spec="beast.base.inference.parameter.RealParameter">1.0</parameter>
#            <tree id="Tree.t:3rdpos" spec="beast.base.evolution.tree.Tree">
#                <taxonset id="TaxonSet.3rdpos" spec="beast.base.evolution.alignment.TaxonSet">
#                    <alignment data="@primate-mtDNA" filter="4-457\3,662-.\3" id="3rdpos" spec="beast.base.evolution.alignment.FilteredAlignment"/>
#                </taxonset>
#            </tree>
#        </distribution>
#        <prior id="YuleBirthRatePrior.t:3rdpos" name="distribution" x="@birthRate.t:3rdpos">
#            <Uniform id="Uniform.10" name="distr" upper="Infinity"/>
#        </prior>
#        <prior id="YuleBirthRatePrior.t:noncoding" name="distribution" x="@birthRate.t:noncoding">
#            <Uniform id="Uniform.1" name="distr" upper="Infinity"/>
#        </prior>
#        <prior id="YuleBirthRatePrior.t:1stpos" name="distribution" x="@birthRate.t:1stpos">
#            <Uniform id="Uniform.4" name="distr" upper="Infinity"/>
#        </prior>
#        <prior id="YuleBirthRatePrior.t:2ndpos" name="distribution" x="@birthRate.t:2ndpos">
#            <Uniform id="Uniform.7" name="distr" upper="Infinity"/>
#        </prior>
#    </distribution>
#    <distribution id="likelihood" spec="beast.base.inference.CompoundDistribution" useThreads="true">
#        <distribution data="@noncoding" id="treeLikelihood.noncoding" spec="beast.base.evolution.likelihood.ThreadedTreeLikelihood" tree="@Tree.t:noncoding">
#            <siteModel id="SiteModel.s:noncoding" spec="beast.base.evolution.sitemodel.SiteModel">
#                <parameter estimate="false" id="mutationRate.s:noncoding" lower="0.0" name="mutationRate" spec="beast.base.inference.parameter.RealParameter">1.0</parameter>
#                <parameter estimate="false" id="gammaShape.s:noncoding" lower="0.1" name="shape" spec="beast.base.inference.parameter.RealParameter">1.0</parameter>
#                <parameter estimate="false" id="proportionInvariant.s:noncoding" lower="0.0" name="proportionInvariant" spec="beast.base.inference.parameter.RealParameter" upper="1.0">0.0</parameter>
#                <substModel id="JC69.s:noncoding" spec="beast.base.evolution.substitutionmodel.JukesCantor"/>
#            </siteModel>
#            <branchRateModel id="StrictClock.c:noncoding" spec="beast.base.evolution.branchratemodel.StrictClockModel">
#                <parameter estimate="false" id="clockRate.c:noncoding" lower="0.0" name="clock.rate" spec="beast.base.inference.parameter.RealParameter">1.0</parameter>
#            </branchRateModel>
#        </distribution>
#        <distribution data="@1stpos" id="treeLikelihood.1stpos" spec="beast.base.evolution.likelihood.ThreadedTreeLikelihood" tree="@Tree.t:1stpos">
#            <siteModel id="SiteModel.s:1stpos" spec="beast.base.evolution.sitemodel.SiteModel">
#                <parameter estimate="false" id="mutationRate.s:1stpos" lower="0.0" name="mutationRate" spec="beast.base.inference.parameter.RealParameter">1.0</parameter>
#                <parameter estimate="false" id="gammaShape.s:1stpos" lower="0.1" name="shape" spec="beast.base.inference.parameter.RealParameter">1.0</parameter>
#                <parameter estimate="false" id="proportionInvariant.s:1stpos" lower="0.0" name="proportionInvariant" spec="beast.base.inference.parameter.RealParameter" upper="1.0">0.0</parameter>
#                <substModel id="JC69.s:1stpos" spec="beast.base.evolution.substitutionmodel.JukesCantor"/>
#            </siteModel>
#            <branchRateModel id="StrictClock.c:1stpos" spec="beast.base.evolution.branchratemodel.StrictClockModel">
#                <parameter estimate="false" id="clockRate.c:1stpos" lower="0.0" name="clock.rate" spec="beast.base.inference.parameter.RealParameter">1.0</parameter>
#            </branchRateModel>
#        </distribution>
#        <distribution data="@2ndpos" id="treeLikelihood.2ndpos" spec="beast.base.evolution.likelihood.ThreadedTreeLikelihood" tree="@Tree.t:2ndpos">
#            <siteModel id="SiteModel.s:2ndpos" spec="beast.base.evolution.sitemodel.SiteModel">
#                <parameter estimate="false" id="mutationRate.s:2ndpos" lower="0.0" name="mutationRate" spec="beast.base.inference.parameter.RealParameter">1.0</parameter>
#                <parameter estimate="false" id="gammaShape.s:2ndpos" lower="0.1" name="shape" spec="beast.base.inference.parameter.RealParameter">1.0</parameter>
#                <parameter estimate="false" id="proportionInvariant.s:2ndpos" lower="0.0" name="proportionInvariant" spec="beast.base.inference.parameter.RealParameter" upper="1.0">0.0</parameter>
#                <substModel id="JC69.s:2ndpos" spec="beast.base.evolution.substitutionmodel.JukesCantor"/>
#            </siteModel>
#            <branchRateModel id="StrictClock.c:2ndpos" spec="beast.base.evolution.branchratemodel.StrictClockModel">
#                <parameter estimate="false" id="clockRate.c:2ndpos" lower="0.0" name="clock.rate" spec="beast.base.inference.parameter.RealParameter">1.0</parameter>
#            </branchRateModel>
#        </distribution>
#        <distribution data="@3rdpos" id="treeLikelihood.3rdpos" spec="beast.base.evolution.likelihood.ThreadedTreeLikelihood" tree="@Tree.t:3rdpos">
#            <siteModel id="SiteModel.s:3rdpos" spec="beast.base.evolution.sitemodel.SiteModel">
#                <parameter estimate="false" id="mutationRate.s:3rdpos" lower="0.0" name="mutationRate" spec="beast.base.inference.parameter.RealParameter">1.0</parameter>
#                <parameter estimate="false" id="gammaShape.s:3rdpos" lower="0.1" name="shape" spec="beast.base.inference.parameter.RealParameter">1.0</parameter>
#                <parameter estimate="false" id="proportionInvariant.s:3rdpos" lower="0.0" name="proportionInvariant" spec="beast.base.inference.parameter.RealParameter" upper="1.0">0.0</parameter>
#                <substModel id="JC69.s:3rdpos" spec="beast.base.evolution.substitutionmodel.JukesCantor"/>
#            </siteModel>
#            <branchRateModel id="StrictClock.c:3rdpos" spec="beast.base.evolution.branchratemodel.StrictClockModel">
#                <parameter estimate="false" id="clockRate.c:3rdpos" lower="0.0" name="clock.rate" spec="beast.base.inference.parameter.RealParameter">1.0</parameter>
#            </branchRateModel>
#        </distribution>
#    </distribution>
#</input>
#
Sample	posterior	likelihood	prior	treeLikelihood.1stpos	treeLikelihood.2ndpos	treeLikelihood.3rdpos	treeLikelihood.noncoding	Tree.1stpos.height	Tree.1stpos.treeLength	Tree.2ndpos.height	Tree.2ndpos.treeLength	Tree.3rdpos.height	Tree.3rdpos.treeLength	Tree.noncoding.height	Tree.noncoding.treeLength	YuleModel.1stpos	YuleModel.2ndpos	YuleModel.3rdpos	YuleModel.noncoding	birthRate.1stpos	birthRate.2ndpos	birthRate.3rdpos	birthRate.noncoding
0	-9864.513059419467	-9842.442266117165	-22.070793302301926	-2478.3118233859086	-2211.8511159466084	-3569.5606987321244	-1582.7186280525232	1.206660808455374	4.086059395469655	1.9891308984131704	8.202251903319413	1.0894285377425477	4.420423128104668	1.9070934674113387	5.362058875408188	-4.086059395469654	-8.202251903319413	-4.420423128104669	-5.362058875408188	1.0	1.0	1.0	1.0
5000	-6232.719362103501	-6279.5802619130045	46.86089980950303	-1494.5752375966936	-1097.5242137059374	-2585.6092401081014	-1101.871570502272	0.2202627314234678	1.1651806186409213	0.17862223681033995	0.9014006353535117	0.47195623862766933	3.0826676810776323	0.13325254073772771	0.9372296585652153	12.758830129904034	15.347571901032428	2.9512593985292743	15.803238380037296	13.889120627614894	7.40283275710128	3.266091493583933	9.256972462742658
10000	-6164.4876601787955	-6217.13050548719	52.64284530839423	-1490.1203182751515	-1086.6174205940044	-2552.483644756129	-1087.9091218619049	0.22619050884550762	1.1845551344733811	0.1177452349759899	0.6646848238840811	0.47550917666705095	3.0330265485417307	0.12306881549079357	0.8628058156272715	13.51194117572654	19.869317516306044	2.9557988793130106	16.305787737048636	9.116160893901473	16.689979932683073	4.393475279946921	17.830371412831386
15000	-6135.168944568689	-6189.566698230854	54.39775366216483	-1491.8917537729142	-1076.5870284406026	-2542.512361521342	-1078.5755544959954	0.17477527915008623	1.059170154934414	0.1120302519015627	0.6553059168157737	0.514538629427411	3.218767465825943	0.1080983767654812	0.7418659718432207	14.326735294349211	20.01695413902803	1.9216355762275077	18.13242865256008	7.779885486791051	17.477285245863882	4.6693861417366636	19.91244516031249
20000	-6132.51772794115	-6181.763559786036	49.24583184488595	-1493.2412617701762	-1073.618983390125	-2546.0475779124827	-1068.8557367132523	0.2271948019242972	1.3502695717476436	0.135927872874909	0.738373288976774	0.4909324662145709	3.2402481192613157	0.13132007465123763	0.7852011972511999	11.752682306312352	18.048257902817895	2.283790581440908	17.16110105431479	10.275533385957	20.69461447797042	2.846764419987771	20.36610871134592
25000	-6133.686617525122	-6179.876739912092	46.190122386969506	-1491.7342254411806	-1071.1837816344882	-2543.035041037841	-1073.9236917985816	0.23545928765716162	1.3738838593898621	0.11888893638442799	0.6811289198691856	0.51799227802503	3.2306964617308185	0.1545807318426119	0.9778901370250905	8.940769581668386	19.493051622414505	2.466948608829579	15.289352574057032	15.368828023747156	18.51775423402267	3.2601388836013716	14.250189095790994
30000	-6128.972501321671	-6181.567498613491	52.59499729181962	-1492.0480481444963	-1074.8878405268267	-2546.1594785174902	-1068.4721314246776	0.20091710040772764	1.1590791789461912	0.11112020937294115	0.6279484375111054	0.4843809352583663	3.0959425617303964	0.12466260744086154	0.8195304301239906	12.011687033230709	20.089335390563303	2.9445870422730787	17.54938782575253	5.101348281532409	13.179951498615655	3.499858548541601	14.176071817358622
35000	-6132.45475857919	-6184.3515410204	51.8967824412105	-1493.1462375652723	-1074.5420874107604	-2545.3713922783827	-1071.2918237659842	0.21053377215522356	1.2203043848331334	0.12533702683675849	0.7001470088713287	0.4899607507821343	3.2749248911431366	0.11313920828908708	0.7198509715875631	12.626652327627097	19.27124738775734	1.2168045983230291	18.782078127503027	12.204484030423584	14.64130903753025	5.102435589028164	12.482584168075423
40000	-6128.349899301057	-6177.226667725936	48.87676842487832	-1488.7819571191412	-1072.51077800536	-2547.089050797801	-1068.8448818036336	0.18492807907161596	1.1676002352144117	0.12206425362752409	0.6281155824984131	0.5057156914091004	3.3936994800982725	0.12486202646490693	0.7622119506140657	13.370886675554942	20.491876287924878	-1.6348969356019607	16.648902397000462	11.802231119534316	17.645273058293597	6.596667755169586	24.054543351235253
45000	-6128.443610265444	-6179.964402741534	51.52079247609075	-1487.2907580189378	-1077.4379981564396	-2546.267089098125	-1068.9685574680325	0.2106823121491817	1.2589473282087669	0.14163744283906268	0.7024674837834991	0.5135982280788434	3.3477178825530025	0.12649329989372038	0.8028647659297605	12.761314709662088	19.049346418578363	1.972306850278939	17.737824497571353	7.710587578529176	18.939641716844122	3.7806477514645676	12.38450695350038
50000	-6125.637857430676	-6181.279145265155	55.64128783447907	-1492.233085796414	-1077.7717586538872	-2542.7353589322065	-1068.5389418826474	0.1906625836213415	1.1786212405621355	0.09594919067045467	0.5389270401473806	0.4745626508926317	3.089269437583498	0.12659301682878804	0.8129123514378047	13.568776713338845	22.17152710818832	2.9688447950868833	16.93213921786502	9.398825172546596	19.786984174828152	3.601671261476631	9.199201984977748
55000	-6129.885579776593	-6181.951389946114	52.065810169521754	-1488.621729912011	-1077.8161395699096	-2547.0020397668472	-1068.5114806973459	0.19254471621691327	1.181875279771354	0.11932713717430325	0.6692516904407635	0.4622570243540662	3.1748466284455015	0.12831471905316033	0.8224083734566088	13.148709358311741	19.738399890346223	2.6310065828316227	16.547694338032166	7.043738607869612	14.83315902469931	3.7607156673618527	19.841584555558722
60000	-6120.327226277299	-6173.405996818145	53.0787705408454	-1485.9035452405424	-1071.3954664342007	-2545.555430832758	-1070.5515543106444	0.1956387858745649	1.1682873351266523	0.11532220421310628	0.6443642871552846	0.518556458382945	3.467042206931696	0.12296074663282427	0.7320876580528364	13.280658536198825	19.458877799643535	1.5816662405311903	18.757567964471843	12.131969426318324	24.186216494505874	3.662278646975034	16.499233514507416
65000	-6125.566631206942	-6176.277274378968	50.71064317202716	-1484.318701113484	-1073.9739436082825	-2545.195923776823	-1072.7887058803797	0.21125520567702896	1.2585938765734808	0.12449492114300187	0.7158977696800729	0.4911881472222729	3.2622408026904735	0.14145778912738619	0.86662793846247	12.692042602027929	19.048633373245607	2.0456253162657445	16.92434188048788	10.289601508623452	14.924684484861434	4.258807784251257	11.822519311201173
70000	-6128.5407565252735	-6182.192538297188	53.65178177191377	-1488.5315268760044	-1074.876942026	-2545.2766007754317	-1073.5074686197513	0.20649919661708716	1.3085757355363714	0.1115773688742765	0.6448652233603239	0.5274182516920385	3.3708690160771524	0.11597868722258371	0.7068205888265179	12.382395175156745	20.169252542409588	2.0040847628015346	19.096049291545903	9.105831789422382	18.42287802888914	3.3711816074334764	17.728390617648323
75000	-6127.722562555556	-6179.789145056529	52.06658250097344	-1486.630581895654	-1074.7192947915648	-2548.744618510202	-1069.6946498591078	0.19515389116621504	1.2262587988910656	0.11302164972798572	0.6531838098321961	0.5673947294788934	3.6620093490602006	0.11712051968741707	0.719672712382484	12.858263921765019	19.409205201944836	0.9497815088503652	18.849331868413216	11.128156307692931	23.325361515603156	2.5362499802512026	12.927315438911684
80000	-6126.545192658559	-6179.921610315974	53.37641765741475	-1487.8638311049806	-1076.1676821568485	-2543.8409649418377	-1072.0491321123072	0.18670906620892394	1.1605571143974558	0.10631947639250688	0.5782431105067015	0.5710697195608347	3.412272033771596	0.15261935762443274	0.8645002292696524	13.738945863556586	20.84424491797153	1.8612636798446376	16.93196319604199	9.480657747909625	25.741892813407897	3.3915653227996994	11.589428277282162
85000	-6127.885797029536	-6179.119959471058	51.23416244152252	-1484.7330315929673	-1077.3719408937252	-2543.6917846028487	-1073.3232023815171	0.21737101147043464	1.285321850468324	0.11491174176567842	0.6040281334303861	0.5360679275400597	3.5613212565187107	0.1098394702339809	0.6557684373524111	12.39841881972724	18.257710297243722	0.5935493578358209	19.984483966715743	10.37391882963905	8.289382868732867	2.0489037505836003	18.12351197367135
90000	-6124.331866107428	-6177.242595236237	52.910729128809095	-1486.1520749943325	-1075.274538086278	-2544.9479069371105	-1070.8680752185157	0.21628979844642912	1.3151257623982566	0.13292542087742418	0.6800002061321958	0.44262974080430956	3.0426421845295506	0.12286105776160317	0.7321608379924336	12.12342055664665	19.482946231006395	3.0779541823554335	18.226408158800616	10.23588456775231	18.857166111287793	3.2539311941330964	10.659199679599107
95000	-6130.350075305432	-6182.486722576167	52.1366472707353	-1486.8366880334856	-1077.7386502684224	-2544.185646792941	-1073.7257374813182	0.1928115427903293	1.1216644974016492	0.1177056304466825	0.6711035318640222	0.5110254595106765	3.3793009588374208	0.14124956321856924	0.8234614138726423	14.054278573460408	19.648510408389456	0.9669308777493937	17.466927411136048	8.820947672085532	18.88214302371999	4.860975922351371	14.62508040847699
100000	-6129.736949899921	-6181.501079912299	51.764130012378395	-1489.3274916894354	-1076.042685514125	-2545.6519089584704	-1070.4789937502678	0.1883742701001983	1.1874555059532659	0.1299133780144956	0.6856646944955922	0.5241905607604843	3.358554787770709	0.12610667034758283	0.7812862568046466	13.403742036635183	18.311171973017743	2.0085165479750966	18.040699454750374	10.449775159538637	24.814958877276403	3.5687876161536125	12.765509341413193
105000	-6131.673447933396	-6182.947890811343	51.274442877947365	-1489.0840512456155	-1075.9994780836807	-2548.087064043457	-1069.7772974385905	0.20778236517865023	1.212591258484371	0.12893334068027992	0.6811293185357278	0.46917494974782775	3.1423481238094677	0.14202545995499238	0.789192722953778	12.591727158961074	19.30190931125867	1.467559156341082	17.913247251386537	12.600847861114016	12.67112733510731	5.501536089008414	12.447562163406294
110000	-6139.292551103129	-6185.912829202829	46.62027809970018	-1486.2127336616547	-1081.6187923232792	-2544.7468392371616	-1073.334463980734	0.21097062664299282	1.3136252322013517	0.13427428606517144	0.7266620050477737	0.4457569746160166	3.0911898499235666	0.12512002186637475	0.8508087233521745	12.355961063214432	16.12094477056317	1.9630859213028726	16.18028634461971	7.876622212252974	6.773268785160712	2.248905271524826	19.157437315652288
115000	-6126.674717650434	-6179.935373323193	53.260655672758666	-1490.2792168833694	-1076.7453983582589	-2544.6426210608647	-1068.2681370206992	0.21382963594914775	1.1740373384799894	0.12264249272474502	0.6720981652562484	0.506361047994149	3.3064493909177597	0.10564116666184499	0.7114521894715419	13.34303905953626	19.43984833071424	1.7692605408874673	18.7085077416207	11.596382723856253	20.550034524745207	2.46116077829472	11.601254623687288
120000	-6132.585706825793	-6184.266703394327	51.68099656853416	-1496.4081096335785	-1076.5253287170658	-2542.2353921088734	-1069.097872934809	0.1937004977481479	1.2477806863482266	0.12274667825900978	0.6852321633316096	0.514222523545637	3.33327574377784	0.13429476347771696	0.8526581017896504	12.941462428738925	19.48595091273078	2.130802580079885	17.122780646984573	8.886548779446242	17.614069266448833	3.37140778781255	13.380836117580973
125000	-6125.885272168407	-6178.803437604354	52.91816543594685	-1488.5745439562604	-1072.439013144511	-2545.922632712775	-1071.8672477908076	0.1717482430075139	1.1641703876653955	0.12543658805352692	0.6861198886255154	0.4942229181895791	3.0974615911831114	0.12535913836933316	0.804913869744853	13.155383484041336	19.288810155909218	2.8986148608168616	17.57535693517943	12.75758435194553	19.552220161895637	3.8700327670805934	16.356110581600497
130000	-6135.4938789407715	-6186.770856904877	51.27697796410542	-1489.8247735317084	-1075.4981371544686	-2549.3650632949175	-1072.0828829237832	0.21500168040506762	1.2135492859163144	0.11820841660173884	0.7020897063607908	0.454448741001651	3.08320369384259	0.11937562967050205	0.7553319166079082	11.658534374072426	19.201708923672065	2.7728417857710053	17.64389288058992	5.022888800621613	17.443880953098233	2.9032700092500034	20.93012623744456
135000	-6128.157972047118	-6175.885219053025	47.72724700590675	-1485.6418833993005	-1072.8002523675761	-2543.511899663731	-1073.9311836224172	0.2165284020868534	1.2477562496202406	0.12402358096793607	0.7009592088475125	0.4870274853588633	3.319990267965331	0.16953037446047348	0.9293912604074299	11.922393749822545	19.149553773376965	1.7007294375928312	14.954570045114401	13.17487816069603	18.28800394881858	2.431245819080011	18.34098103520219
140000	-6136.749503118687	-6185.3150479547185	48.56554483603096	-1488.54170026998	-1078.8348770538817	-2547.0472824080193	-1070.8911882228367	0.23771652588808198	1.3598866904286857	0.11508448634041074	0.670403889873848	0.5911743539097575	3.728019971919573	0.15252028307625864	0.8753929921778667	11.990001629959856	19.3352294546425	0.8687552120548689	16.37155853937373	7.837376255706145	12.192921907147793	3.186730515019549	16.601632896229074
145000	-6132.079661332098	-6183.554219453372	51.474558121273695	-1489.5213947493137	-1076.6662144060986	-2547.745187108531	-1069.6214231894294	0.185457854157268	1.1110227038025458	0.10335398910926744	0.6102872559134708	0.48527977182248344	3.387775611393033	0.13761039299197847	0.824309159601132	14.055728874438358	19.82431278387531	1.3489478046255723	16.24556865833445	11.704576538129263	11.433522897118369	4.44715409324089	20.777246184028744
150000	-6137.806109705997	-6187.780341133428	49.974231427430865	-1489.715938662013	-1078.1309779224482	-2552.312071124715	-1067.6213534242506	0.22387106854970462	1.2969370165255114	0.12490334971685407	0.6379305026376403	0.5139567676786312	3.2986133097777666	0.12257446272692309	0.7649327028895664	10.062642937395829	20.07731183656955	2.2476974626705473	17.586579190794943	15.472851319344937	21.137227891134227	3.3704568673863236	20.309483903792167
155000	-6134.0502599239135	-6182.005747458065	47.955487534152	-1487.6547606056151	-1073.735495408762	-2547.9946701021217	-1072.620821341566	0.22081802436507764	1.3272069987695416	0.11506269233522741	0.663605334238674	0.5238717940826265	3.2767825575495224	0.1515494734673022	0.9209406782433643	9.79768724878884	19.822432398004985	2.2715412877138554	16.063826599644322	3.9020451077888554	18.44639537708705	3.6866784905742325	9.716815035291967
160000	-6125.200252181039	-6174.119130387091	48.91887820605196	-1485.931102700163	-1074.164743163669	-2544.1035316519356	-1069.9197528713237	0.2042094638138781	1.2063781542261256	0.12207867483332518	0.6611827580568492	0.5374681038042983	3.376364790598279	0.12454465096696606	0.7601046956485467	13.301140593931137	19.821115299682816	0.7600578833042952	15.036564429133701	8.701334424277926	19.062998839313	5.052144652303092	28.896488189710215
165000	-6121.947380080735	-6170.465080576803	48.517700496068485	-1487.1281287714205	-1073.516856042494	-2542.292772692739	-1067.5273230701494	0.21067934932765742	1.2219241447426459	0.12542965031411302	0.7253933222563682	0.5240114497167341	3.3834505966433484	0.14300616807782646	0.8376077316140451	12.429318012155006	18.87692556905146	1.3482679392967247	15.863188975565294	6.086079917277275	16.338553334220638	2.277648536973254	21.116718949529066
170000	-6131.524391362649	-6180.519394303024	48.99500294037433	-1489.955511815247	-1077.7437112598823	-2543.1437895829326	-1069.6763816449618	0.20461218049127244	1.1790062009443094	0.15409727439963744	0.7829668302312494	0.5055994609238881	3.354176841723916	0.12681023048619366	0.8102179835167337	13.394244342930063	17.20800361723107	1.6187971775536223	16.773957802659567	11.074221812391144	20.360353642412303	4.303772964889124	19.902413219916504
175000	-6126.659993467755	-6183.1938317185495	56.53383825079443	-1489.914943966835	-1076.8652639340842	-2546.858686089585	-1069.5549377280452	0.2385649578895523	1.2000148731417557	0.09425348891867248	0.5468644800285158	0.44426425610745246	3.1315156054961357	0.10591177386638295	0.6996676742546907	13.272246212893181	21.902285593679988	2.630079116760855	18.729227327460414	7.9915103516414145	17.359967334777288	2.8994807071452504	11.16638067195266
180000	-6132.593250500686	-6180.913973282024	48.3207227813382	-1486.954276742926	-1074.621940296366	-2543.673978366348	-1075.6637778763845	0.2099885181522006	1.3476476355678344	0.11956104295744474	0.6723001651460266	0.5150314821959178	3.294832215574662	0.14091547992088366	0.8081533036798041	12.091385934374722	18.89674863454081	0.29845863034631126	17.034129582076357	7.958317688135359	10.750034504664367	5.748157437660055	18.9990681114226
185000	-6130.040811465369	-6184.095638803546	54.05482733817641	-1489.6103397187887	-1080.5590823734253	-2542.1313674744715	-1071.7948492368596	0.18971549624920686	1.1691988684365588	0.10089843672396623	0.6123307359595545	0.5670955789583336	3.4212571934190983	0.12173619574543638	0.7262926330735744	13.40351828787412	20.58785440759696	1.169024305539768	18.894430337165566	11.57650002269577	21.45624999431438	4.479582701042085	15.045039381480906
190000	-6128.509046902367	-6177.001690172142	48.49264326977462	-1487.5448555938563	-1074.9459709418722	-2543.789812505105	-1070.721051131308	0.22670556267209874	1.2713121397007399	0.12637276456853813	0.6312886758621344	0.5211845978955408	3.3831981740606545	0.14795539403569263	0.8365559665269707	9.021622724241293	20.37159977321401	1.7673049612875626	17.33211581103175	3.341051846218914	19.3907025980457	3.915771758803615	12.659776164643281
195000	-6129.641988514591	-6176.4551734390825	46.81318492449232	-1484.4833543529587	-1073.54497933042	-2548.9543917091823	-1069.472448046522	0.20651278913616097	1.2039023055558828	0.1172594845798618	0.6682880322252268	0.4654755784950328	3.320795237739796	0.14325838827214776	0.8620613138760231	13.253424607109825	18.900266056104826	-1.8169395278643758	16.476433789142046	8.065161710723052	24.092079631876405	1.2283090808769377	9.188513274202439
200000	-6132.144842826161	-6186.089600553169	53.944757727007634	-1489.5758150637898	-1076.947424990704	-2546.764994892972	-1072.8013656057021	0.1980577872064864	1.1596448795495633	0.10827884389578943	0.6239414451885212	0.48090958683575213	3.2166118350704913	0.11255651999768164	0.7670469775807903	12.687412614762794	20.499154564262927	2.4939132606160066	18.264277287365907	5.906880363309081	15.763323823231769	3.1681343863308085	13.310010143085375
205000	-6131.648381807603	-6182.201299992975	50.55291818537167	-1488.8094071268779	-1077.1690079540992	-2545.3938598171844	-1070.8290250948135	0.24285672564559824	1.4089481385517604	0.11591894317782803	0.617724627963732	0.5195464000831765	3.245987835971609	0.12082751723568048	0.7607806703046671	11.59283979335289	18.246801617368362	2.4211721585159642	18.29210461613445	8.18890244680615	32.395194302895746	3.481693947151614	16.413143331330808
210000	-6123.1321315959685	-6174.3888052430575	51.256673647088995	-1485.546597334193	-1076.9601036985807	-2544.077340903015	-1067.8047633072697	0.18903955017436852	1.145970176056436	0.1250006469268679	0.679710070681607	0.5043718560647661	3.2633728706185754	0.12272539365630322	0.7962228048623752	12.63685002339039	19.56257275347803	2.0148600019667624	17.04239086825381	14.907765721730945	17.951833941816666	4.296310231196144	19.94380921698409
215000	-6123.191295227367	-6174.9790606378265	51.78776541046	-1489.987006696485	-1072.7331570454853	-2542.864219482635	-1069.3946774132216	0.19750226093002934	1.174719867049182	0.12555814360210088	0.6622235967091791	0.49457836528131677	3.2166432779307064	0.13643542409811685	0.8190591351662148	13.389756043358144	19.2960072044664	1.5690439403630272	17.532958222272423	7.629634186742356	22.798112274697385	5.050171582752163	14.60023187159183
220000	-6127.267653996957	-6177.0727015211005	49.80504752414307	-1487.9188341848885	-1074.3848165128381	-2544.824622872302	-1069.9444279510715	0.21516508720074665	1.271938834779298	0.10383754938400093	0.5980044357834975	0.570865749916973	3.5394758907479265	0.1353352083673195	0.8319758451407206	12.693622094092152	19.95045627013417	-0.23929517526014576	17.400264335176892	9.37968782707595	11.394443388847947	1.6800972733185593	13.2631034343473
225000	-6124.618231881852	-6175.675293767756	51.057061885904034	-1488.8012758592295	-1072.9593316765763	-2543.158068777688	-1070.7566174542612	0.20877392862667232	1.2722625792362576	0.1173941034258848	0.6629012290681175	0.5544500327180351	3.5266021591563845	0.13884179830021975	0.8312166191128659	12.483309841945243	19.77804089046928	1.4172159249231702	17.378495228566337	6.947993279179041	19.180696887084903	3.5494624486305772	12.251702241948042
230000	-6122.647976143648	-6176.377786287853	53.72981014420563	-1484.6481571977622	-1074.5750632782765	-2544.5077236662173	-1072.646842145597	0.19523135828761798	1.2177952854377698	0.10860004784136137	0.6295333208037699	0.569829665084894	3.477103026927786	0.11381052462761877	0.6942359661370946	13.041752761887965	20.419972846859356	1.5664341746866377	18.70165036077168	7.546175683336389	19.146257701812164	2.7516436013393655	10.876053392157438
235000	-6124.6292594226325	-6172.104882798236	47.475623375603504	-1486.1862846475524	-1073.9773321077494	-2543.3580461437755	-1068.583219899159	0.21755351795241695	1.299373589767412	0.11011393421086715	0.6273200644764972	0.5347773657956545	3.3087132714342125	0.13685891256300378	0.8266511744286511	10.806149613511705	18.275434808938492	1.6237654362418024	16.7702735169115	14.062573015076786	31.18827120963484	4.536466619209427	18.637278804856997
240000	-6130.910625416221	-6182.872819965113	51.962194548892434	-1488.6442024283915	-1074.657537537598	-2549.7317152730648	-1069.8393647260586	0.18434796715268134	1.1434157326624745	0.11722773242289092	0.6763718846421088	0.5589381017018671	3.628040359937	0.12005207818449355	0.7387864081636656	13.696349650664011	19.641929020155892	0.2526869914582095	18.37122888661432	11.605548183916632	17.615754304811375	4.471066476933741	11.506691854053777
245000	-6128.309892907614	-6176.283761564713	47.97386865709942	-1485.4466645846373	-1073.874541897104	-2546.1242448708367	-1070.8383102121343	0.21504190254991545	1.2787993553630346	0.12997423092310262	0.7254372998068056	0.5607956257451348	3.5127706301655595	0.12584328063021347	0.7602581971633434	10.829903292672931	18.580699550402567	1.4214137542251475	17.141852059798776	14.582593586994651	11.760470797623324	3.6479372353749278	22.50370991043264
250000	-6136.981371169129	-6187.2493480105395	50.2679768414109	-1491.3117764757524	-1074.4692532761248	-2545.991131875172	-1075.4771863834908	0.19731959604923363	1.2215691126194066	0.11718403716832107	0.6670345174806772	0.5151644802751072	3.227181053057121	0.13208995208606783	0.7936336519251442	12.043204682239955	19.124644734905694	1.3222492529241174	17.777878171341133	5.51237565489164	11.265265849013494	5.228324926893251	11.75483290168981
255000	-6122.150138391322	-6173.022060117882	50.87192172655944	-1485.9694187255338	-1074.438113620927	-2542.6686793958615	-1069.9458483755598	0.19386516263887849	1.2349028030016995	0.12248959006375672	0.6565396847216219	0.5097219570859413	3.2282735084060232	0.11782811491621886	0.7788542161261708	12.526633696353148	19.31962366162866	2.0253336751056805	17.000330693471952	11.96372332143421	11.513401167953576	2.5145119240581253	21.51079444746449
260000	-6128.296524473143	-6179.437028065349	51.140503592206606	-1486.9224202212251	-1081.2881270188263	-2541.2038390960697	-1070.0226417292279	0.20174616013181154	1.2273432381747047	0.10424504033776535	0.6126381691398198	0.5017682652968625	3.20149755544403	0.12384840635725256	0.7188301833939196	12.378761135059847	20.312767536599367	2.576944590637583	15.872030329909812	12.676697575310458	23.618303956683828	3.4504054905840795	29.93243885729427
265000	-6132.01564758915	-6185.691749166133	53.676101576983065	-1492.0145964466926	-1076.4086999688902	-2544.8191073410558	-1072.4493454094948	0.17396105430618547	1.111008885233022	0.11424927746298108	0.6725162771758538	0.47092862402155516	3.041686347981022	0.11980303604863288	0.7934640022715602	13.259416881111527	19.71739238075486	3.0110202806062123	17.688272034510465	14.630945259632819	17.448449931759193	4.199590155118338	11.200091684937252
270000	-6124.722452922413	-6174.69748647465	49.975033552236816	-1483.729416590358	-1076.325038305807	-2544.212181188694	-1070.4308503897912	0.18901695963186402	1.186558852467107	0.11907439136045987	0.7158710450373392	0.5432475343497707	3.603992375456666	0.12040440662526633	0.7777734352225298	13.377393336472803	19.021355873207742	1.253040001787313	16.32324434076896	7.979012635289926	14.218241375188569	3.246273544378368	7.48929166671244
275000	-6126.615277333582	-6176.390249596144	49.77497226256212	-1486.2031654536518	-1075.2064664223115	-2545.616957788583	-1069.3636599315978	0.21974971618243244	1.2863047721285175	0.12949693637821996	0.7628658775501928	0.5265468778985013	3.498686566284369	0.1352955330585805	0.7850972458036343	12.275884079512611	18.35369534968927	1.5551389959200934	17.590253837440148	6.620459940998761	14.564795200334453	2.8668383296381044	10.383182832256397
280000	-6123.95165218981	-6175.620867001911	51.669214812100826	-1486.5036835456851	-1073.659982715876	-2546.849598190648	-1068.6076025497025	0.1996726534642214	1.238814667444586	0.10880540861820678	0.6486352269418203	0.5190886303119515	3.3988910915354493	0.13087480393758877	0.8228667820396532	12.744120030339815	19.948526250760196	1.917618114121041	17.058950416879775	11.02403706630521	20.309433965755247	3.187069078316189	9.856821897631775
285000	-6129.311555838733	-6180.447585690705	51.13602985197213	-1484.7371261904855	-1076.114544204577	-2549.695368604124	-1069.900546691518	0.20656101430401463	1.2073728140569555	0.11607416934628141	0.6244349820690208	0.5339213170181422	3.4905925925494174	0.1332750440336427	0.7802098438672306	12.428267236256373	20.2050011137862	0.6458553785511669	17.856906123378387	13.244737812937771	22.45468591491455	2.0012061152504743	17.322344594529135
290000	-6123.00278305164	-6176.16158394117	53.158800889529786	-1488.6713287830632	-1073.4755414371214	-2546.0297972397425	-1067.9849164812424	0.21669897592585965	1.2177784319231693	0.11475770735007249	0.6601546781454096	0.5194727229952445	3.1835698503841168	0.12036919211631324	0.760117199224707	12.884367666401683	19.605963948385586	2.46878095900796	18.199688315734555	11.410678756329254	21.148597352741053	4.098879349715702	11.919330491098647
295000	-6121.4348273061105	-6173.440200570138	52.00537326402709	-1486.2926887287224	-1073.8793339996007	-2545.113779084936	-1068.1543987568784	0.19845039460294506	1.2147837063032318	0.12060580353219863	0.669733748400532	0.49224413713393345	3.265534717941206	0.13641662477199465	0.7765838458975156	12.19334914323124	19.785950476693532	2.256816777391047	17.769256866711274	5.661870105329104	16.26480746847436	2.9296049929440557	10.724062637031576
300000	-6136.09422356466	-6186.058410286686	49.9641867220259	-1490.5191955701791	-1077.1874944115366	-2547.9282806626907	-1070.4234396422796	0.24067150400684517	1.3164493399668806	0.11236104947586273	0.6291625953208381	0.4421101046906618	3.1062791364923688	0.15467291689708057	0.9602794113177797	12.340915081624672	20.471433452604217	2.8887244696769696	14.263113718120039	8.745658880923699	17.85406670590966	3.7615138116601408	6.386352931977629
305000	-6129.722363973903	-6182.154707871216	52.432343897312585	-1490.2266719116915	-1074.728562530985	-2545.5754525963034	-1071.6240208322363	0.22771998036399035	1.2581251029536498	0.10328141950159316	0.6407268314777966	0.5006008676178901	3.389017240555798	0.11992054748487584	0.7985553665644524	12.702289182314152	20.148756242277344	1.9123738047391208	17.66892466798197	10.260690717123964	14.710420843235179	2.981622807234111	11.41635184476065
310000	-6124.639140438087	-6175.953601105952	51.31446066786461	-1490.0918183228564	-1075.8148376836143	-2542.396520501937	-1067.6504245975434	0.23080901815383942	1.2942113896154022	0.12302111536328973	0.6749005389040185	0.5396837659186317	3.4540807630143364	0.12805599165284365	0.7366474688647163	12.336902770694405	18.935880014589515	1.6675846982959661	18.37409318428472	10.238592277520736	23.160583567496584	3.56884122262584	19.11560478702833
315000	-6124.3017053796175	-6172.0626405887215	47.760935209103735	-1487.5165600665691	-1073.083707353786	-2542.139044693506	-1069.3233284748605	0.21483021612982484	1.2630295594754273	0.11589016415501185	0.6247481690025102	0.5297750952758136	3.2301532082901447	0.12613873481168392	0.8056035360052756	12.49059944015761	20.38782516922694	-2.828444213661629	17.710954813380813	6.780533588448597	14.743289155455304	1.0536698513137468	14.907785496049149
320000	-6132.341359709743	-6181.9731680314035	49.631808321660536	-1489.6801762052485	-1078.2811993819826	-2545.0967453987787	-1068.9150470453937	0.21021781762686442	1.3044841947653887	0.13050392952350653	0.7170975110002002	0.5333575484284196	3.4848965415228452	0.10270752387106219	0.6953888342626753	12.445547209240058	18.81981841936385	1.6309293458488754	16.73551334720775	8.745893201480348	18.57562291399691	3.3130228878173185	7.233082406196038
325000	-6137.608817280987	-6181.641956500496	44.03313921950967	-1488.6470884554124	-1074.1091150269033	-2549.272668713445	-1069.6130843047363	0.23606675677375225	1.4096830085175482	0.1472074238499905	0.7267926799709193	0.5567732145777592	3.7401529888454976	0.1299652274646575	0.7798003920343067	9.57869494665649	18.58192081712578	-1.8871353036460174	17.75965875937342	13.533850282417005	18.98541578389604	5.539217564645774	17.988269461853655
330000	-6131.436052902214	-6182.643887339768	51.20783443755419	-1490.314278853681	-1077.3440102752938	-2546.4536231926577	-1068.531975018136	0.23116279792652475	1.4283666550824874	0.10192285635579953	0.5760672655544158	0.5347668001941913	3.3239696571797848	0.141672422723362	0.8646566916014327	11.159539301472048	21.380831064147966	1.6921829468722072	16.97528112506197	9.626520747875603	17.125751061430176	4.37552050313264	12.533508823114518
335000	-6137.162532514925	-6185.678289746486	48.51575723156072	-1491.04391996606	-1075.2773875737528	-2545.52559962981	-1073.8313825768637	0.2186667762897782	1.318557784221489	0.12454697082787823	0.692791472529724	0.5044812065604607	3.4099823179371973	0.12934445376543802	0.7239802750932046	10.919171645693902	18.5033657993198	1.6976901344449336	17.395529652102084	13.31913129506442	10.261648187094625	2.669267667441619	24.68920521336735
340000	-6128.5221246517285	-6180.8170712841165	52.29494663238843	-1487.7176259181786	-1076.1484299782567	-2544.1597297889934	-1072.791285598688	0.1769612402142939	1.042425136310622	0.13039549939007822	0.7033976090619937	0.47948353399079224	3.2318493500711627	0.13933522450544578	0.9009679052145194	14.916638204787372	19.045701955976725	2.0969626838737145	16.235643787750618	10.301345354904022	12.834195050071791	2.5892281310937775	15.221899103297432
345000	-6132.2735814286	-6180.913439107089	48.639857678489605	-1489.036125881757	-1072.237183827126	-2545.109411838192	-1074.5307175600146	0.18710576207718368	1.213419000090566	0.12526075209789855	0.708371768257926	0.46741900128969893	3.1922779770548537	0.15303631297544895	0.9165560958921297	12.57583275771979	19.165168567083633	2.460535715112702	14.438320638573478	6.252389784805115	15.968253987855737	2.910648203771677	6.25997592610936
350000	-6151.752905391462	-6198.292680427099	46.53977503563647	-1495.8829873817685	-1078.3952850725295	-2545.08240541683	-1078.9320025559705	0.258560513490582	1.4615714172448626	0.13972839773256174	0.7574040715669691	0.4634129581729901	3.186025620681937	0.11770241130612003	0.741143478226391	11.102253089406794	16.044025224731033	0.9929120088795109	18.400584712619132	6.556592174427278	6.928045461144377	5.693522349030696	11.784259933898234
355000	-6129.114069521291	-6179.863906921142	50.749837399851145	-1485.3421078193712	-1073.9911429894644	-2549.6106578601207	-1070.919998252185	0.2126441416889192	1.2504818872078203	0.11276567723469912	0.6585954442659321	0.5730960750377392	3.4087214257598353	0.1258359998331144	0.8476113531510856	12.830008666637854	19.63292724536655	1.16980872518468	17.117092762662068	9.956843661371439	21.191852156475512	4.536744116212812	14.5895471077221
360000	-6133.691074405823	-6183.610297209469	49.91922280364562	-1485.2188578273012	-1073.7870822480816	-2549.848922413345	-1074.75543472074	0.23505090594437922	1.2932790336971542	0.10978934995487612	0.6218994831449719	0.5699222352435731	3.5543001198537887	0.11452530235954429	0.7030068587866529	9.77629887404059	20.463356978958036	1.1038479466742173	18.57571900397277	16.048963610884776	15.02978148949714	3.9069586666560627	10.778471436647457
365000	-6136.429734681289	-6186.93480729474	50.50507261345001	-1487.7955673616232	-1079.2068555988485	-2548.7013690419694	-1071.231015292298	0.2206903200863812	1.3077655899100655	0.12729762803074776	0.6896308551893099	0.5044234321753359	3.29038645518689	0.13051353266329097	0.8240156574078038	12.384358109341358	19.18930429489312	2.057692725803091	16.87371748341244	9.158286687281429	19.788844631195904	2.72078763041944	18.401112831730288
370000	-6131.70721256184	-6186.230260269587	54.52304770774718	-1488.534341813144	-1076.7246616279488	-2547.4875912929724	-1073.4836655355211	0.19656500372985877	1.2522701279377628	0.1141346217816113	0.6049302686153402	0.42879591805863426	2.802776543920372	0.11954949709921296	0.7259539990379728	10.911969190185626	20.67507561313669	4.040069494017832	18.89593341040703	15.176847278966964	14.708579277101242	3.9114674253875275	15.557947476000244
375000	-6129.020288846088	-6182.102695779812	53.08240693372378	-1490.07568392917	-1075.1975696901143	-2544.698315739396	-1072.1311264211317	0.22030891344695636	1.2755742270840074	0.11651096707217477	0.5943851027862099	0.5245946249886149	3.288573107965687	0.12456124429264542	0.7783921075345368	12.509532020620723	20.994467336204217	1.7609954421644218	17.81741213473442	7.118647717523023	16.067116493292513	4.482459012447705	17.789961207889124
380000	-6124.4141174317265	-6176.423819657895	52.00970222616849	-1486.2842181921103	-1076.9072218937206	-2542.393316106434	-1070.8390634656305	0.21914457042976193	1.2792414929075593	0.11693392186940099	0.6793879363521842	0.48790258127004915	3.272588993420016	0.12252803890111837	0.7422905333785034	12.375688119596328	19.627478366706747	2.3353112407415018	17.671224499123916	10.736014117582677	15.91968280338967	3.3442498111198136	21.999384000606568
385000	-6138.20740689936	-6188.283316637399	50.075909738039584	-1498.2098349118564	-1075.0652876325084	-2544.807094696176	-1070.2010993968584	0.235361027979254	1.3733400363382515	0.13284012328232586	0.7289025293208274	0.562718839609978	3.312968957681992	0.13057476912744864	0.7907828369855999	11.441400426905268	18.751355261279695	1.955058797016049	17.92809525283857	10.511208236309908	13.111263678482688	4.072014190738641	14.977404711936117
390000	-6130.4141226627025	-6180.085425904836	49.67130324213325	-1485.703681038039	-1074.8781213941675	-2547.05470875078	-1072.448914721849	0.21668982155542071	1.255625628372766	0.10862036641115472	0.6066051997082158	0.5235335719881531	3.199112039535366	0.11796401553144148	0.7744270385617684	11.27409168357952	20.57919451037859	2.310451285431182	15.507565762743958	14.36824062255419	14.243912801925337	2.7260502820680705	26.5520092405889
395000	-6129.440077020413	-6181.738407047969	52.29833002755648	-1491.9247876330062	-1073.9302236960884	-2544.968763155392	-1070.9146325634824	0.216005392004671	1.2401719489289345	0.11927909258887134	0.6430070675251038	0.46049180995994415	3.02667762637464	0.12213859754427484	0.7319056267907474	11.741613334696698	20.04088272076895	2.535831991780736	17.980001980310096	13.834607926292323	20.520116665600437	2.5171746988664103	9.921124067328586
400000	-6131.459349060979	-6184.220264861368	52.760915800389306	-1488.4001504272535	-1079.845904120184	-2541.748252755009	-1074.2259575589217	0.24310022068478268	1.3374871362153669	0.11021293981134345	0.6248955113002104	0.5217781472524334	3.275047004607057	0.12280786110459654	0.7616968836031243	11.705216246583936	20.509551646379798	2.179838109117036	18.36630979830854	10.877279964138626	19.130658225774916	2.838543071235265	14.01853553370442
405000	-6127.105144116222	-6178.5262730141085	51.421128897887186	-1485.689843577926	-1078.6702135712383	-2542.0617347871566	-1072.104481077787	0.2176494818970534	1.2739876488124122	0.10882575847497727	0.5909840011265595	0.5041314309469269	3.3341486096842754	0.13146483545314464	0.869915548200949	11.803876567632635	21.053337541756605	2.0959897672868486	16.4679250212111	12.636159157285652	16.11269854628959	3.567303894120955	9.391107203152401
410000	-6125.004317421387	-6176.210427618449	51.20611019706221	-1485.8648472804969	-1075.6648998779292	-2545.0553012210253	-1069.625379238998	0.2190873210236738	1.2891200926380622	0.1142978994995237	0.6172476543198182	0.4772047661500015	3.2111119754113977	0.13959327718832992	0.8410701786435633	12.571937147981146	20.68257220760804	2.5020468045536317	15.449554036919395	8.15113598244145	17.51785532820198	3.7337796323616868	22.14115443417959
415000	-6136.721199779585	-6183.686571618951	46.965371839366526	-1491.9304262963678	-1076.554349248727	-2544.888364141019	-1070.3134319328383	0.24455915811569712	1.348992623430443	0.11377385341220923	0.6453303929025302	0.44382698397981396	3.1293462064647195	0.13063358344068116	0.7893695421815616	9.266996345461578	19.97228199858423	2.7961983439921343	14.929895151328589	3.619488346119826	13.84309404884016	3.2554211052216186	27.02965243394101
420000	-6127.352094455236	-6177.876677466313	50.52458301107666	-1484.9911555485041	-1073.8449747684674	-2548.1448704123927	-1070.8956767369484	0.20712188213690516	1.194511136975478	0.10141192712210662	0.6361127104302063	0.5756422800325885	3.4299237935662426	0.12050289122425886	0.8236081273421021	13.121401101187603	20.296178403198077	0.30759851948257566	16.799404987208405	11.531501480568169	15.593589239253935	5.193940965937129	18.754530995028613
425000	-6121.781015223898	-6176.011842803588	54.23082757968907	-1485.2387742594642	-1073.4088899766757	-2544.9895345658797	-1072.3746440015677	0.19826721519667112	1.1978051785627424	0.1186151264981835	0.6819224095903313	0.48473399468319933	3.1328506039586705	0.1058060497864608	0.7103046492059657	13.122376733531087	19.588081352123737	2.814677456707282	18.70569203732697	11.367132246241052	16.13157555497974	3.553534513678409	20.252043686399304
430000	-6126.195013206154	-6178.854374055082	52.659360848927925	-1488.7222410569475	-1073.4497132237668	-2548.52351055059	-1068.1589092237784	0.21536217821322953	1.2430859182285081	0.11221912429245648	0.6446878205095086	0.49630153443081715	3.3896933408518564	0.11704236406620203	0.7648729183640538	12.89824643498293	19.94208501490833	1.9440111698220708	17.875018229214596	9.99531188300011	13.59434981727212	3.151162063584871	18.898166405669986
435000	-6123.32777471153	-6175.897349922669	52.569575211139096	-1485.9057237209654	-1073.7088367914614	-2543.9798394592353	-1072.3029499510067	0.21671832311676198	1.2931112814197776	0.11033237270788787	0.673029581816114	0.5037495219400586	3.1708181782484135	0.11985242382059563	0.7298226071988837	12.037569570098652	19.52395768226953	2.368046869743084	18.640001089027837	11.371585855088076	13.36476802025319	2.7038723804189706	18.142678389976837
440000	-6141.308222375989	-6192.758500404385	51.450278028396	-1491.768483660287	-1079.2290739009766	-2548.6709327435988	-1073.0900100995227	0.21189410755700577	1.2526345574958042	0.11500702696310341	0.642624146331622	0.5023549032457869	3.4327148793062947	0.13032284991453727	0.711642319989467	12.875861103093111	20.234510366457933	0.8210451949689386	17.518861363876017	9.36485854355492	17.711855812930693	4.761743277973235	25.355658923404015
445000	-6117.991438491785	-6171.573030464404	53.58159197261957	-1483.7146212402097	-1074.1241854791783	-2544.5788160857014	-1069.1554076593145	0.202677938384836	1.1864464818713758	0.12323563072903822	0.6903089793053108	0.48243784032779524	3.1817563512206073	0.10947290176401174	0.7122174047113273	13.442080602460566	18.507671927510746	2.5620020200784057	19.06983742256986	10.222256671944848	23.486814915403585	3.8996962195601337	16.801355709499482
450000	-6140.9365182652655	-6191.178195777488	50.24167751222269	-1489.162367228854	-1079.726609717365	-2546.8606563515186	-1075.4285624797508	0.2047748380919345	1.141108587452583	0.10928740303357116	0.6699442682290808	0.4958486991606366	3.405885981945924	0.1412991834483715	0.8948252812793974	13.847810251852216	19.56072732766213	1.2275326100931663	15.605607322615178	10.826042487098654	19.94497957768372	4.490438283502653	7.780439852828169
455000	-6133.028255991878	-6181.49027746207	48.462021470192084	-1487.1519501647406	-1079.2748928067276	-2545.6145354568775	-1069.4488990337236	0.20237086581525413	1.1324605509087962	0.13375238549391055	0.7364561539407734	0.5627653775579703	3.5326449817302734	0.1458720886440607	0.7817355297541448	13.745547632433327	16.819578365814053	0.6052467841200913	17.291648687824612	11.994892847944806	25.58584691757947	2.023730334499859	20.11442517911001
460000	-6130.177922494575	-6180.911022344705	50.73309985012999	-1491.4049464327295	-1073.749550240754	-2542.423731314674	-1073.3327943565473	0.20820140933661985	1.3089370779927996	0.11864625566082254	0.660194960167954	0.5389904894719939	3.284672012210107	0.11314853610572254	0.728772647260751	12.39687458521564	19.05379642959626	0.4471347631022109	18.835294072215873	8.902043992649949	24.293762191805868	5.6817738416543175	16.066049711121543
465000	-6130.593943188189	-6179.998630660978	49.40468747278907	-1489.279254770968	-1075.5824799910947	-2545.8676088572884	-1069.269287041627	0.18777295453822365	1.2126505868193833	0.11769760760248045	0.7423973941095827	0.5183038250043668	3.348325196556933	0.1350659458712107	0.8330965833374644	13.222817571432817	17.405272261769703	1.9303057123573852	16.846291927229167	9.79346433934469	8.831860185556513	2.766555038077448	17.78031409862504
470000	-6127.383857360154	-6176.964683988335	49.58082662818135	-1486.341756371795	-1076.4631324450133	-2545.154092259913	-1069.0057029116138	0.19014507098637462	1.1961617553207775	0.1293685287633378	0.7075401771939184	0.5814041573131286	3.633333035982719	0.14045287572239235	0.853271231120941	12.889697696346843	19.01055160576051	1.1851118107364802	16.495465515337514	12.310272441372828	12.958072750279564	3.0391984317110263	9.014774456361767
475000	-6128.618717021214	-6182.261585597193	53.64286857597863	-1487.0852613435295	-1076.3263211502804	-2544.307064616855	-1074.5429384865279	0.20596254242830495	1.1917127165358092	0.10392399426144786	0.6384336596307532	0.48249915688088935	3.2437792453825596	0.12048418126875168	0.7181672489294432	13.43360997659221	19.458838714152826	2.2768044142489727	18.473615470984626	8.773621423880583	11.30092270282548	3.9945448041654865	20.655924637876176
480000	-6122.135763583724	-6174.792655467159	52.65689188343556	-1486.8424134626418	-1072.5642243937837	-2545.6773939289137	-1069.7086236818209	0.18005171932505365	1.1674436337965233	0.12796314642749182	0.6824079402820211	0.5600409511981479	3.3495168655462098	0.11849384496585813	0.7158361613478608	13.641266731717264	19.394774123630768	0.8763941767795265	18.744456851308	10.166448281427593	13.337600078073343	5.068562466514379	19.307269342360428
485000	-6119.612113081032	-6172.284726185289	52.672613104257564	-1486.1794003691869	-1073.6636596069602	-2543.510101542406	-1068.9315646667364	0.2033063148826573	1.1555484103593112	0.11304699645444774	0.6559015314485788	0.5238647750066404	3.3387786200565754	0.13005408811950042	0.7458065931062148	13.763398472154961	18.87742810280804	1.4726524698394892	18.559134059455072	10.149943219373887	25.600037833360574	4.552499697751782	13.470479801067054
490000	-6130.4417965988405	-6180.762422368475	50.320625769634894	-1490.4129738316374	-1077.7756499471184	-2544.226411548224	-1068.3473870414955	0.20134978944972715	1.2807035639151747	0.12333727581270652	0.7419771121328425	0.5181416857795396	3.3497120530983464	0.1309964824582678	0.8473097044950111	12.607078835918527	18.657776965327468	2.061050671704429	16.99471929668447	7.809366748166806	14.553082209256937	3.0986703016149315	15.650442487812079
495000	-6132.132056355362	-6185.9909866815215	53.85893032616012	-1493.8930708139687	-1077.9218445050913	-2544.536378735357	-1069.639692627104	0.1954315248455769	1.2384166625175943	0.09575689042188928	0.5793698921196028	0.49410645773088413	3.069941375278476	0.129102098041586	0.8280238421659103	13.014000623568867	20.39432235193052	3.0259702916181905	17.42463705904254	8.496683968806305	28.19993897302075	3.4141268122425226	12.358254636668605
500000	-6134.030602226969	-6184.414083248706	50.38348102173788	-1488.6297825030122	-1076.3461685475477	-2546.684505059869	-1072.753627138278	0.22390755556532016	1.270409231784705	0.12590092188949448	0.6959557534526266	0.47644517817530674	3.1638626399185523	0.14405130422402312	0.8994651540110217	12.409111286984789	18.803008439682518	2.6290397035483872	16.54232159152219	6.693740010861471	21.404607768088166	3.0788024009185304	12.200464213360341
505000	-6130.829105876284	-6182.317156364027	51.488050487742534	-1486.8032616688233	-1074.0070675845914	-2545.756941104263	-1075.7498860063492	0.18135235557722218	1.1270140056645772	0.11875579697865589	0.6993085269521815	0.544274371645925	3.4465759983378548	0.13052086967444387	0.7794403066720995	14.015280978152274	18.55224805415058	0.8095243001319758	18.1109971553077	10.68319539715378	22.317578772263587	4.7133003081873825	13.621485685681145
510000	-6132.238176436391	-6182.740152872133	50.501976435742414	-1487.21635459539	-1076.5591057748495	-2547.687962690687	-1071.2767298112055	0.20065806089146387	1.2844519735416755	0.12758654587603652	0.7820946612457265	0.5622455618008777	3.4107954168731927	0.13371323513740244	0.7369738015066076	12.24821402593891	18.080327484786242	1.440942613026007	18.73249231199125	6.51807094946449	14.123318491680463	2.3971881999874336	14.673719722084586
515000	-6127.804573393863	-6177.240296048435	49.43572265457192	-1485.2614379372483	-1076.5550414354186	-2546.3290557396995	-1069.094760936069	0.221330484325266	1.3289582661807033	0.123259148223868	0.6680918053817435	0.5452021043160158	3.486643414757009	0.15108081416897576	0.8685432192415817	11.927524795830845	19.763835616207306	0.9595297078228833	16.784832534710883	10.440876343439845	14.949760834101685	2.1722451823443962	10.735257789079933
520000	-6127.785123755179	-6178.603951963618	50.818828208439434	-1489.7551572882671	-1073.6949006946081	-2544.5603333161193	-1070.5935606646226	0.1864532901041027	1.2413622202573371	0.12463083474687958	0.7112486658602345	0.5693473877663477	3.561061925753575	0.12542399220399525	0.7094588788683209	12.885768577658684	18.68991418022624	0.2819359485747963	18.961209501979713	7.6521770024609514	20.232139743968393	4.703487990896083	18.579894363652052
525000	-6129.506495310936	-6178.899322187375	49.392826876439614	-1486.2873174656127	-1074.4999695491172	-2544.4723123863755	-1073.6397227862692	0.20498789585172822	1.1591687244262616	0.12411290556280265	0.6911301748244661	0.5195887028315038	3.4270587798755177	0.12307003869009889	0.7250863363389387	12.670061356297321	18.0704129711143	0.8930932178505566	17.759259331177436	5.878383161627815	25.23291616392619	4.7209902825584065	23.217571650437034
530000	-6128.950390328064	-6180.136592110715	51.18620178265183	-1487.705368859116	-1072.9475038567077	-2544.1883163294474	-1075.2954030654437	0.2289939324939374	1.3605249829132604	0.13801770414694026	0.728192514705959	0.5236113103339152	3.4297033872612217	0.1272015097041598	0.7282098809263435	11.88159786626908	18.7476065405765	1.7750429453524266	18.781954430453823	7.0012388566007555	17.431229244578944	3.5048022519801143	17.046617935838245
535000	-6128.3400849330355	-6180.80368711171	52.463602178674215	-1486.1829977788086	-1076.8374471804188	-2547.2918694856044	-1070.491372666878	0.21751329609449555	1.2036197179636878	0.10452432958413894	0.5798233909978849	0.5193400534744376	3.341914907226524	0.1470039914752518	0.893476151413678	13.128970905074215	21.144183979439692	1.690888697995705	16.499558596164604	11.039241624178212	23.10052568690352	4.278961263121404	10.607030426624158
540000	-6133.667478772286	-6184.7218397154975	51.05436094321173	-1486.4399812747877	-1077.673660819944	-2546.969564183739	-1073.6386334370275	0.20046742458859995	1.1519575484603306	0.11414156629259926	0.6374732812465654	0.5124320402631918	3.3677370225428853	0.14431264150264173	0.843354416645248	12.915831930382865	19.51023739272961	1.98892077088504	16.639370849214217	13.962740587782108	24.798480837623888	3.0261317846708327	17.8885971814201
545000	-6123.902683595251	-6171.244510346102	47.3418267508516	-1485.9263328226662	-1072.6094486857874	-2542.626044931222	-1070.0826839064268	0.21421543863200843	1.3288387280292622	0.10776919988378475	0.6400635634871336	0.5340519423633792	3.4172657193577476	0.142497925069837	0.8516518077917385	8.669133070238823	19.9426455152068	1.6079701344734274	17.122078030932553	16.861521877780934	21.836633350850484	2.578622086426013	12.132095842970413
550000	-6130.779669081464	-6184.198995163296	53.41932608183168	-1488.7459637817292	-1076.265771674801	-2547.583239216706	-1071.6040204900596	0.18738134606710027	1.2020387038516442	0.10342828596768462	0.593658764927841	0.5715689887511858	3.5192664294468687	0.11143685247428894	0.6609748138784357	13.297101882080453	21.017126966792663	1.535224820934423	17.56987241202414	10.101741858946363	21.081645324970342	3.0870701429682867	7.97739291016708
555000	-6128.574251897394	-6180.316359469116	51.74210757172207	-1490.4564749742726	-1072.5449029515057	-2542.0855376450886	-1075.2294438982487	0.22706263079433547	1.3644286513927664	0.12163608310745307	0.642243436987429	0.5169781054230769	3.3453003838518516	0.1252836220016318	0.8023747430946149	11.882829849885336	20.181945889352324	2.0913219250413095	17.586009907443106	9.046659755647298	19.06621171688772	3.2199182690297965	16.58564953390146
560000	-6129.005177527927	-6179.960487048997	50.95530952106931	-1488.8106084890105	-1075.912220268439	-2546.18897716509	-1069.0486811264575	0.17701218726044932	1.1513962278992773	0.11239461318276815	0.6539083776331952	0.5827834287949617	3.4788387012695288	0.14004526452792543	0.9010639942252697	13.082357282372984	19.861775144023216	1.6230565074032453	16.38812058726986	6.457198813411728	20.12415958509453	2.899588706041632	14.219161322027865
565000	-6126.131719550053	-6177.27019816428	51.13847861422679	-1487.0748947825236	-1075.7444946087353	-2546.3421538043744	-1068.1086549686477	0.21572430683881366	1.2929305475771031	0.1246015261151231	0.6692994946014438	0.49084443415291845	3.103520266298323	0.1348499743393281	0.843375943988755	11.804618728265485	19.358876163601767	2.905297327381937	17.069686394977605	5.746408912298509	21.49852200983656	3.7238339662126654	15.55356236708725
570000	-6125.027376806906	-6178.087114128328	53.05973732142164	-1486.7905132203175	-1077.5252743763078	-2545.7146570496084	-1068.0566694820948	0.22585826985520835	1.295924047907819	0.10925925255229052	0.5796732292188894	0.5135405687402199	3.2958000584345535	0.13390142345636818	0.8009294914932813	12.514740723569505	21.363988350775752	1.540859504907964	17.640148742168424	8.120209346765662	18.13801295606979	2.2730693495352527	16.35904635334379
575000	-6129.309104083175	-6180.352141683386	51.0430376002114	-1488.1847217115192	-1073.9448326348652	-2545.2740063782635	-1072.9485809587386	0.22112602456395458	1.3129024792403252	0.11038272269334204	0.6342412829555688	0.4907283461404904	3.3192536233304057	0.1295399438699861	0.8558825950116803	12.371351871648937	20.025040821901765	1.872246011154262	16.774398895506437	8.011699311486334	13.274411605412041	4.1604809604321735	16.174063569124446
580000	-6125.593045683345	-6178.505428685229	52.91238300188462	-1487.3721490058529	-1073.8863875469763	-2546.98542297288	-1070.2614691595204	0.21085513307554127	1.2419649418122303	0.11044095612916757	0.6417539337064713	0.4446058260548805	3.123909985580655	0.12613140485719113	0.7659709000379553	12.952718127636082	19.510609633035017	2.1775458295564523	18.271509411657068	8.118597552535787	24.247024555711295	4.8964501160372595	13.199112139061127
585000	-6123.46841221666	-6174.281810844301	50.81339862764092	-1487.0888065889867	-1073.8503280542238	-2541.5736661787764	-1071.769010022314	0.21921931976181663	1.3436347395076755	0.1096497843626535	0.6357064523603579	0.5540088947756092	3.3490424315587033	0.12702897298227495	0.7595341511227105	11.77483999376032	20.346925808431525	2.022016147361608	16.669616678087472	10.438978189206871	16.47202569821373	3.6378228493700355	24.19847800187614
590000	-6127.386240763407	-6178.852821233267	51.46658046985963	-1491.239103206377	-1073.394675254862	-2542.288463947464	-1071.930578824564	0.20586189318912573	1.214076765598556	0.12584083307443714	0.6921718533464228	0.5107346242518827	3.2416480401712495	0.13959115708429634	0.8112501465740151	13.231739048299472	18.810801669196618	2.0067977203319103	17.417242032031634	9.477025471304064	11.159127945465341	4.436702420591595	16.728579767276756
595000	-6136.472519202776	-6185.494908127917	49.022388925141264	-1490.0087556560504	-1076.5817044095415	-2546.7666314074863	-1072.1378166548388	0.21360242633138252	1.2107111498477903	0.11845624935766491	0.6969610248468621	0.5584331500422419	3.277085947896275	0.12575885595322295	0.7509992403964875	9.582076726301722	19.263243933376827	1.7687279626888905	18.408340302773826	3.520370450346818	13.902384375437318	4.534721860398633	12.602179561807716
600000	-6126.92812412913	-6178.11368872827	51.185564599139774	-1485.4995413780155	-1075.190568568185	-2542.879013209419	-1074.54456557265	0.22061502246792006	1.3088463919632942	0.11946209563180363	0.6646850009115002	0.4928524197233106	3.326204715078491	0.11097690315846825	0.7035513929352765	12.161733665793788	18.551442054585802	1.4134301134198877	19.0589587653403	10.344131651702572	26.024027118249386	4.67611308187138	18.686002527516617
605000	-6131.496156221856	-6181.09304379992	49.59688757806483	-1486.5694680039958	-1077.2633755875768	-2548.120399360816	-1069.139800847532	0.20397307351788607	1.2927093054912087	0.15784185789342445	0.8038426098458638	0.4509613194640317	3.1409855127649644	0.1201720491994143	0.7841958884508465	11.350973694517457	17.774907257896228	2.7867560178161788	17.68425060783497	13.129229946158091	14.047623353413732	3.481580445118633	10.710131112897667
610000	-6135.969135616361	-6184.307679393887	48.33854377752606	-1489.067558294302	-1078.2031757465331	-2545.3214227363906	-1071.7155226166612	0.19867586803509607	1.226446223751704	0.11636237368683112	0.6346542297558591	0.5569647588416433	3.547223007444813	0.12976947348958096	0.8939238149568984	13.053745736361607	20.139520483367214	1.3720904681064465	13.773187089690794	10.078239703937987	21.198469729286103	3.4823973089606923	23.374247776238892
615000	-6130.157269743341	-6181.2859496609535	51.128679917612565	-1489.7961250070205	-1073.7024820666331	-2546.871239459804	-1070.9161031274955	0.20951988153229117	1.2665590933370705	0.11818944144508572	0.6912419977540041	0.45741221016789696	3.290307547912672	0.13553553030805998	0.8284640853311325	12.527559767170903	19.31303264589634	1.8421837477691891	17.445903756776133	6.962668510603816	18.442209164864234	2.489946538401221	13.104395265270021
620000	-6131.927013388867	-6182.649498167857	50.72248477899047	-1491.1066374636293	-1073.6256252985845	-2546.7363052443643	-1071.1809301612782	0.1718371044628239	1.1059598961797596	0.11844271128617245	0.6924416578332371	0.540986604675745	3.359183738135314	0.1406874657173379	0.801953006275461	13.764693162993044	17.653787715429814	1.9650405121736507	17.33896338839396	13.269217851742802	26.66187651710369	3.693851723009681	18.103698363049812
625000	-6126.480756291745	-6177.973777583071	51.49302129132556	-1485.7983904943812	-1071.8021691602185	-2546.5003511222094	-1073.8728668062613	0.21507708515445506	1.3129336966406913	0.11619108459482995	0.6592564235101538	0.5315688235972663	3.2944748645725808	0.112915943219635	0.753604156927694	12.243089678676823	18.73621389195407	2.107058707665754	18.406659013028918	9.780813301507258	25.83897492623361	3.9313886637362323	12.886462120085282
630000	-6130.548480326974	-6178.261586972243	47.713106645269676	-1484.3203974145174	-1075.0738681375094	-2545.428767645852	-1073.4385537743638	0.22317330661857634	1.3306282180384197	0.1443943434171349	0.7121642004024513	0.4696106277157241	3.0820661554887874	0.12578786132774317	0.8537680747706733	12.126626336513326	17.002628266037526	2.028802754527279	16.555049288191547	7.161530684619817	27.07580005474282	2.274271715607256	17.447465599675287
635000	-6126.330736931484	-6179.7433478688645	53.41261093738054	-1487.9148914376062	-1072.1240422310998	-2547.305265850276	-1072.3991483498826	0.19623960739995633	1.1330979964360606	0.11590634318649815	0.6391484007882058	0.5124666601074919	3.285813467219216	0.10370382356886763	0.6845714200525538	13.917362655294397	19.477804135115495	2.2904718748808364	17.726972272089814	10.965077087117097	24.751814523874696	3.3833760868377727	27.15737533323159
640000	-6137.04365489379	-6188.045677175267	51.002022281477224	-1492.1287388170233	-1075.5962414898518	-2545.2820802088595	-1075.0386166595322	0.18814183697172185	1.1833087608614787	0.12684975413065827	0.761803974990848	0.5127237842020028	3.4369148226824096	0.13961956603793535	0.7419351286189368	12.74655658522116	17.995573314564027	1.7422980111627893	18.517594370529253	13.24596426172887	18.538914678483604	3.528967396813814	17.34395948848724
645000	-6130.396449009914	-6183.061071722979	52.66462271306463	-1490.188679316506	-1078.3831511829503	-2543.0346224165796	-1071.4546188069437	0.19919680900259776	1.1644202962429149	0.12216629068297599	0.6754789441207224	0.5101876396141862	3.2302118160883277	0.10545441028826288	0.7282649626454213	13.658762112296184	19.685375271187812	2.393278283989959	16.92720704559068	8.630178898646527	16.878509246996675	2.9981228554577504	25.92437193197123
650000	-6128.69391178335	-6177.086409156829	48.39249737347883	-1486.7675948022143	-1077.6723437214584	-2543.0688946684213	-1069.5775759647354	0.2160759986245004	1.2588256852245987	0.11849430534192372	0.734810664440122	0.5269182559201474	3.3361993896939754	0.14861045368246292	0.8677760526261094	12.15284289739784	17.464021344307014	1.8439293226209301	16.93170380915305	5.993818513981891	23.480988219764672	4.097716395108393	13.069157458866147
655000	-6127.753675612928	-6176.820631813847	49.0669562009187	-1485.7126133151353	-1076.205561772112	-2544.8169773235127	-1070.085479403087	0.2038631958234766	1.2549242660038398	0.14390098160080625	0.7619821010182669	0.502003881053343	3.0500122053904275	0.13942278883195536	0.8151882505654744	10.142290254242019	18.330767629405518	3.109703277191493	17.48419504007967	3.9424112401529188	15.639682813446273	3.6425038071676323	15.765659086011885
660000	-6140.364444644051	-6187.905558633229	47.54111398917779	-1489.7220784676488	-1077.7490827530921	-2549.32403009499	-1071.110367317498	0.1895670115790974	1.2508184773881021	0.10120035842570287	0.6392984374436802	0.5342274538267578	3.5027352116385653	0.13440378940823094	0.8538664215659262	12.253780196524685	19.78233088499154	1.3499105762231558	14.15509233143841	12.205809630255372	12.460947742069065	3.8396587022980655	5.587696812643704
665000	-6121.4059311679475	-6174.576282869961	53.170351702013676	-1489.1357657415551	-1075.5766114836892	-2542.6585309151606	-1067.2053747295563	0.18385345374341444	1.116055599773681	0.0986724402027905	0.563696007467076	0.4778701285672938	3.1955386387419042	0.13277361424797138	0.8338304321917306	12.629936700057396	21.638965957612413	2.5593021100499387	16.342146934293922	16.02714661394432	21.301837384314826	3.1632142735170268	19.765844699417446
670000	-6115.869064498205	-6168.401064834164	52.532000335958664	-1483.8773345241532	-1073.1203443687814	-2542.5637619353233	-1068.8396240059055	0.21438441800717234	1.230221397372431	0.13474807957497992	0.7099942749040893	0.50441285582852	3.114513218376735	0.13004401348646974	0.7778482057189269	12.71227234755258	19.044718030227227	2.8429037378630313	17.93210622031583	11.521845660127982	17.67267697549786	3.249507091525115	11.565602904769577
675000	-6137.568164517793	-6185.9138539501255	48.345689432332954	-1488.894106767766	-1076.5550051451503	-2547.7571890607605	-1072.7075529764484	0.20669221921749012	1.1922542579101116	0.10285349956702125	0.571218481666743	0.5203855590295854	3.4214679111475763	0.13399365035353403	0.8129328289381148	12.898390781429093	21.399644954163854	-1.714787766016291	15.7624414627563	12.440175999187886	22.45856820648294	1.2702463349852897	7.063829190104883
680000	-6127.63821584146	-6178.517036110725	50.87882026926522	-1487.0305725314995	-1074.63957791648	-2545.0645605569766	-1071.7823251057691	0.2003972735664212	1.2131388405197792	0.10701885726900467	0.615174021701136	0.48511110582199224	3.1557845516311	0.13646236066308742	0.8196254891532516	12.533801712275416	19.740212852841715	2.085839892692075	16.518965811456013	6.173832427806687	26.531287406237947	2.421004924870741	20.153023641873908
685000	-6124.169277322794	-6175.523886669539	51.35460934674513	-1488.0967450614435	-1073.587093432225	-2544.094202552159	-1069.7458456237118	0.2177664327244058	1.2417196092585332	0.1298351530334769	0.6941281166641549	0.5358466787278802	3.430321561832329	0.11002898241526457	0.6913142772573139	12.770198229997648	19.1362943459227	1.5800415779212216	17.868075192903557	7.185010052595987	19.521226505275255	3.920169947669927	8.852927901090684
690000	-6130.699003245136	-6181.495182590562	50.79617934542569	-1490.6947555820009	-1075.6522618904353	-2544.899076399929	-1070.2490887181964	0.19884506459574736	1.1753595635460838	0.12499783356416824	0.7158846401585482	0.494132311460451	3.255454691139009	0.1420392689229302	0.9128530020360279	13.444522356128378	18.997523785036527	2.1198776447811314	16.23425555947965	11.019125494250222	16.967512260213425	4.189166961023322	14.118315047952661
695000	-6128.971879936578	-6177.93481688578	48.96293694920155	-1485.9943536052529	-1076.7788028406887	-2543.68678929906	-1071.4748711407779	0.221969752864955	1.3350515636310432	0.1285522277081877	0.7491838077295985	0.557977897254868	3.273041877084971	0.149259960056016	0.8709276464923583	11.639923240142988	18.25721154849679	2.330087423758043	16.73571473680373	11.150247628454977	18.357946822606543	3.450408392164701	14.918303551813098
700000	-6136.894594448783	-6187.980480683282	51.08588623449806	-1489.0046079530425	-1080.5261121908902	-2548.3975878046717	-1070.0521727346777	0.1961415506198802	1.2008476831217887	0.12220925132816264	0.6725568716058498	0.4855048750141352	3.423581719528547	0.1338494562295659	0.7830458340711881	12.7971505248222	18.599043597080918	1.6882573607669684	18.00143475182798	6.526301900979602	24.977055292663948	3.775246891330023	15.638462594276477
705000	-6138.837124432678	-6188.747913167916	49.91078873523748	-1492.496620489297	-1073.9981288137706	-2548.339651685944	-1073.9135121789043	0.23478466574232962	1.2591282635329344	0.11651492303197819	0.6903992101219042	0.6065557643068701	3.5168728139933068	0.13159789192736737	0.8274543603625172	12.290182764491306	19.353287232970736	1.3842616578853768	16.883057079890065	11.803664577893693	18.165877246125657	2.6252419596910617	9.439142999430118
710000	-6130.024650907629	-6179.298401786928	49.273750879298596	-1485.1743008934106	-1075.32027158447	-2547.4302891046955	-1071.3735402043512	0.21724427619089387	1.3143384236233153	0.11131627636125062	0.642676845079597	0.4643680714039088	3.2329979723494193	0.1392051203943231	0.8381041314963137	11.314601238961476	19.975622500132825	1.0313393014755146	16.952187838728783	12.589567277230657	21.148377860959123	1.9456766793996583	16.815413121721086
715000	-6129.001330776513	-6179.927382524311	50.92605174779804	-1486.8677828284965	-1074.0497482392452	-2547.6738250186086	-1071.3360264379605	0.19408154849181342	1.2391442541048618	0.12190268512606628	0.6882617313433548	0.5386123549038253	3.407259442136544	0.1268002920636719	0.8043097826648095	12.895840805321422	18.790613421379625	1.5028677178181908	17.736729803278802	10.267886127489499	10.95109203449169	4.1647072712140965	14.806278597042565
720000	-6135.717171136345	-6184.5126323558725	48.795461219527155	-1487.239985199964	-1078.8564355203837	-2546.0595086708363	-1072.3567029646888	0.2121987946948633	1.2342812420065064	0.11667753055476686	0.729265317945379	0.4866645169024464	3.113134004030067	0.13834295696977247	0.8528878623185555	13.061242369913792	16.44029994852227	2.33989856066314	16.954020340427956	8.969663585102595	7.170211307266657	2.534643885348723	15.323619051390075
725000	-6127.195740144072	-6178.982062545409	51.786322401336506	-1487.5495375879555	-1074.9717378448197	-2546.283722671688	-1070.1770644409455	0.22612610483574103	1.2868546781848658	0.11318507481738774	0.6239121148303743	0.536366072901778	3.326976798033127	0.12135282077395934	0.8205097562473915	12.408411830230259	20.054409473796145	1.8254142937640254	17.49808680354608	10.256459523166848	12.785537805400343	2.5624746818952047	14.79049423391229
730000	-6120.993390288721	-6175.046651819959	54.0532615312389	-1487.0062638283741	-1073.6821302669796	-2544.659167654995	-1069.69909006961	0.2092931559350683	1.231539634669006	0.11547694658809254	0.6309484561895057	0.500452372161302	3.1415307212589894	0.11155697581484289	0.6809965658745405	12.559564929548348	20.285737223110573	1.6155897227437643	19.59236965583622	6.446024839466779	14.652406614521503	2.1249276075228516	16.874275657382633
735000	-6131.144076459609	-6181.374526725755	50.23045026614564	-1485.2048154580434	-1075.3030152120582	-2549.5979629902267	-1071.2687330654257	0.21196928886448238	1.3188283504979204	0.1457656799700961	0.7357992278911553	0.5668979785443286	3.4499736054102224	0.1379164671366892	0.7726628866543493	12.141791341133532	18.75094795735189	1.6601813877458582	17.67752957991436	9.99249676220655	15.1163152921229	2.788279376406887	19.15658441436261
740000	-6128.5787971073705	-6177.155309107824	48.5765120004533	-1486.2710933572957	-1072.9433997940048	-2543.8103782469166	-1074.1304377096073	0.1953690046089993	1.2059328957030764	0.11332227748534712	0.6201743792732317	0.5132658742360494	3.3687098018988673	0.1303260796824328	0.8942736328145912	13.101489271307784	19.796988255332465	0.21787705813821856	15.460157415674825	11.048512001007715	25.574055161195307	1.7355073412222028	18.79975370826567
745000	-6129.162995762532	-6180.662609548903	51.49961378637128	-1486.446563756855	-1071.6833621275268	-2551.8474933852926	-1070.685190279228	0.2099232904834608	1.2339323687813588	0.1197542452687415	0.6870763900170392	0.5381223789870382	3.4360716390132264	0.1383657199262106	0.7741218731207182	12.322900536323466	19.20993140149653	1.7977865264352562	18.168995322116032	6.0288070358602734	20.0116281788333	3.149736508090977	15.171907962942463
750000	-6127.394773264024	-6179.194959855893	51.800186591869725	-1489.5903264098245	-1075.0236680655023	-2543.3057012141335	-1071.2752641664329	0.24298749028146566	1.285381233048139	0.11515697978752404	0.6754810425476276	0.5090428972377075	3.2011144712608557	0.11957980800369339	0.7773407634771605	12.473916430708517	18.96565013298172	2.2188662417176443	18.14175378646184	10.003810866866115	22.94264279542886	4.391239954370752	14.612699546454847
755000	-6131.608794352994	-6184.680177419796	53.07138306680233	-1490.1411976168943	-1079.246108103502	-2542.826087314928	-1072.4667843844713	0.19792050354523155	1.2083656498653457	0.10681487766972532	0.6877902897489037	0.5165503560314861	3.261962403596452	0.11415459232855224	0.6943065028766915	12.594083593632604	18.89954067590039	2.3145807748889813	19.26317802238036	6.228317435039991	11.295595489583972	3.041444920330605	18.3733425703245
760000	-6133.032774289567	-6184.465149919189	51.43237562962142	-1491.827116903292	-1077.8451868125344	-2543.369277651715	-1071.4235685516473	0.205880545412092	1.2591488708045009	0.12224078663379301	0.730532773204251	0.4823444191320537	3.3329258357440246	0.1304267480684366	0.7485762992356289	12.769901938903566	18.609895752768008	1.755710415211667	18.296867522738182	7.773307856865598	18.278822481309977	2.5083291953142903	18.162953057881037
765000	-6127.9304509573585	-6180.948651617256	53.01820065989712	-1490.8323543294184	-1075.1402101321412	-2546.0205799877313	-1068.955507167965	0.22560018824236516	1.3637946012388398	0.10341402166201052	0.5631231653212561	0.5746458210868658	3.4940584688948557	0.12999740285442896	0.7854617598133964	11.96356370089801	21.63577815955841	1.4663764352230708	17.95248236421763	8.125816099757651	21.607190746383722	2.6584196508327915	15.76987597527445
770000	-6139.783407821629	-6187.6984340345525	47.915026212922854	-1489.038855613338	-1080.3224965594236	-2547.3986503713954	-1070.9384314903955	0.2363375495934878	1.2962812145812512	0.12633124215907726	0.7388228797380249	0.5546199024536401	3.5972699538829556	0.1429372275394623	0.8974914917977174	12.323721656154188	18.581690032459345	1.1847394378954075	15.824875086413911	10.202178690653634	17.245535985742368	3.511335099230254	17.324012823302674
775000	-6122.634186918567	-6173.30097398215	50.6667870635825	-1484.492407148274	-1075.465839394762	-2543.808318983774	-1069.5344084553408	0.21130700076149456	1.2352411741775458	0.11635380458805686	0.6576855519252274	0.5623523973944211	3.3896299166500365	0.13608306731335146	0.8173826243395417	13.047800866697015	19.950145541084794	0.23076226487086604	17.438078390929817	8.636234091880016	18.115480630813202	5.411533124425635	15.860287233625796
780000	-6133.251698708067	-6185.005879132019	51.754180423952135	-1486.7080101813067	-1079.250181653805	-2546.693211680327	-1072.354475616581	0.17283296363659534	1.0826635379068057	0.13699388627228798	0.7519521605972155	0.5218836721558127	3.53256715454888	0.1135310656803051	0.7460124807618395	14.407308533962528	17.90637535818837	1.1449205574828643	18.29557597431838	8.877079731300125	10.2933611090943	2.3933081747362888	18.4912159926221
785000	-6132.115494915212	-6184.246268920702	52.130774005490274	-1488.5419489297121	-1078.6008644265135	-2546.86525525213	-1070.238200312347	0.21838042920746395	1.2191580122222565	0.11292254878311983	0.6436711150227741	0.4936986920155388	3.381783679248938	0.13629015311899095	0.8418660613176493	13.188133311528349	20.218509776923238	1.9726537792230436	16.75147713781564	8.663539038397017	16.601088594488893	3.31122306826791	17.50035855117347
790000	-6144.466850196723	-6191.982217568619	47.515367371895564	-1488.2490549246995	-1077.0370977539733	-2551.9618525071255	-1074.73421238282	0.19353544642341663	1.2678981641444391	0.1303155075441131	0.7974236525143944	0.5245770953904609	3.2205079547341007	0.1565029792277196	0.8665440594183216	10.884171319270479	17.602548778141824	2.4363924616133574	16.592254812869903	14.784425467449966	17.04362559841664	3.0308372950522884	16.225815035241798
795000	-6129.378653527188	-6177.298561477929	47.91990795074055	-1487.2621970952366	-1074.8266459348365	-2545.545671763581	-1069.6640466842748	0.2281265847433726	1.4118181844786752	0.11661337766409037	0.6286534450915428	0.5069011988944931	3.210369025017032	0.15242488393495354	0.8913637789955545	11.3766625969658	17.74179680841939	2.5368002046368447	16.264648340718512	6.377484623229889	32.91258305094944	3.57309591648763	9.384494342398032
800000	-6132.373161884419	-6179.725763623068	47.35260173864937	-1489.313314323893	-1072.088488689096	-2544.836061968937	-1073.4878986411413	0.20917129060793124	1.3158816312669188	0.12530740785222977	0.6990470082713403	0.5211317449016734	3.3903584941018745	0.12608102026190568	0.8567661008104676	11.794430237101665	19.314171021311928	0.4019045151247136	15.842095965111064	5.962473619673106	15.515511218897991	5.28014514392444	19.920295771150723
805000	-6135.410822134072	-6186.941466352237	51.5306442181648	-1486.2566972752281	-1077.5028560190958	-2548.4679837632007	-1074.7139292947127	0.20644219040692818	1.1827387292846852	0.12445523467336037	0.706438225184194	0.49743134711066783	3.1594814959999233	0.12384288922533868	0.7366190412879303	13.38545721992302	17.30197354056875	2.719783998877669	18.12342945879537	10.894699440103656	8.120956911053995	3.406768031147016	10.47693933119673
810000	-6120.686851542462	-6177.422440603842	56.735589061379706	-1485.4718552111628	-1076.9802801793403	-2545.970793291566	-1068.9995119217724	0.1894739281785433	1.1333267132833553	0.09607650604807658	0.5442433491329852	0.47917951375899526	3.1328819185496495	0.11774998701059047	0.761531817694675	13.588695397207111	22.04883847025143	2.7924284345238197	18.30562675939735	12.607878348758277	19.018398060592432	3.2892734568103243	12.898758885908295
815000	-6128.030705876364	-6179.000214232034	50.969508355670264	-1487.807728968306	-1073.6164166906888	-2546.485611435564	-1071.0904571374745	0.20608830745837167	1.1889904593937288	0.11478928783731732	0.6289464575127993	0.5152680899425707	3.359008194200389	0.1477173607832756	0.9067232331518394	12.404820322282834	20.476095496166224	2.0486632563290694	16.039929280892135	13.947595756659041	17.197306330711225	3.2621868073846887	15.771188891914505
820000	-6135.831072448629	-6187.912008173325	52.08093572469628	-1496.743032698778	-1073.7653420838483	-2544.299972455926	-1073.103660934773	0.22901496620227682	1.2785024711585875	0.12296408081579696	0.688244558920551	0.4487417970793452	3.0352983194667353	0.11202352373050692	0.7064488684155317	11.967730900704101	19.361656601811802	2.6154332465454413	18.13611497563494	12.066451560162838	18.513817883326563	4.891365319261341	23.455199712475636
825000	-6130.299526985409	-6182.981263497635	52.68173651222571	-1488.0913057743705	-1078.2667019437208	-2547.964908658403	-1068.6583471211402	0.22701754210739317	1.2331447264545363	0.11224398856345807	0.6433312710247825	0.5556184912635701	3.3328998214083967	0.1325616792043761	0.8217112767418646	12.883006938806382	20.21907929288305	2.1323601047688516	17.44729017576743	10.675607986471785	17.831169669513226	3.2345980445097635	11.750105115712959
830000	-6125.562522390474	-6177.769700226516	52.20717783604147	-1490.385483537041	-1071.7640293266832	-2546.083911097486	-1069.5362762653053	0.19864107662882563	1.1541224132648047	0.13059673619290657	0.6788280028243768	0.4613279522089381	3.1309799321514267	0.13899974061452175	0.8396705488407659	13.793830059405835	18.32801077887103	2.8006305232180435	17.28470647454656	9.856627785217368	25.448741763124524	3.7370646824056823	12.442701158826404
835000	-6133.235960045294	-6184.316509583735	51.080549538441176	-1484.626250280731	-1075.9697968606679	-2547.7646832441596	-1075.9557791981765	0.20502452896636786	1.1871524576607002	0.11979988013463377	0.7007117069833777	0.55426424930732	3.4730019052619068	0.12832153801130727	0.7901410319345274	13.4642166176853	18.379155574831803	1.2881776291543883	17.94899971676968	8.64920605132824	10.147830186576787	4.091580604284267	13.122790050019525
840000	-6124.347090463391	-6173.521209638291	49.17411917489931	-1484.383667432428	-1074.4364189988835	-2544.5228025124284	-1070.1783206945504	0.1927346534511004	1.2017154708211744	0.12049449741942037	0.6758968933465608	0.5007465836314691	3.3224830856978427	0.13866277193964807	0.8128252495666829	12.80214080380367	19.011886367142527	1.1706056925461024	16.18948631140701	12.372095306682995	11.222538269011412	2.092989609055652	21.77380261101039
845000	-6134.933507595386	-6186.82976993219	51.89626233680461	-1488.6737447632993	-1073.137386883864	-2548.525375614432	-1076.4932626705954	0.1892795763703283	1.1901180218237437	0.111926149843661	0.6770581152416768	0.6465671169398242	3.8300115737633926	0.10650896189455472	0.6741939698321155	13.042205922441894	19.45746146609327	0.3866517448850657	19.009943203384385	6.918121477785049	19.626028820312477	2.336817779683144	11.154393565269995
850000	-6128.130044386264	-6179.887429745756	51.75738535949255	-1489.339433332382	-1075.1975101655084	-2545.050185900193	-1070.3003003476726	0.20346555329074634	1.2653988211537686	0.12265934368079169	0.6010810394016786	0.5314348944807676	3.4216556180242717	0.11732390765924346	0.7600737968492938	12.678747638792192	18.983230259612277	1.8413496603099788	18.254057800778103	9.973774163982057	31.628984915226766	3.1275419731677707	16.91046620248113
855000	-6129.759815107001	-6180.72079462359	50.96097951659018	-1487.1339628685898	-1073.2948551575394	-2544.572702214701	-1075.7192743827602	0.19494243325063465	1.155154365282025	0.12574369770918187	0.6829720866130238	0.5705779359956236	3.516739599477225	0.12257628308349616	0.7892820273869562	13.765482231380032	17.83476145754351	1.3988991002114992	17.96183672745514	10.176256359090472	26.92435342561812	2.647019822314818	13.155442295905422
860000	-6125.769521901143	-6177.057890844049	51.28836894290621	-1486.2771255777689	-1076.3630390857472	-2543.779643185651	-1070.638082994883	0.21790484833209142	1.3250175451013275	0.11125496480055438	0.6347247447558694	0.5298850611931569	3.4188563147859146	0.10998991387430172	0.6759317742336728	10.348079604289325	20.12499586348009	1.1550239907479836	19.660269484388806	14.240496814340693	21.309668719894578	2.202202474072163	17.392890945267904
865000	-6124.715778329125	-6175.081164243735	50.36538591460939	-1485.9870822111957	-1072.9936094893474	-2544.6286332610716	-1071.4718392821203	0.2201056184140048	1.2815273108023	0.13282712034182723	0.6979147746214623	0.5098491422365286	3.2521855452043074	0.14542957479168786	0.8226993918481644	11.687201959468794	18.770905736413074	2.3867006899145577	17.520577528812968	12.68800683819872	21.35100140918772	3.5770038304783047	13.056757971782908
870000	-6132.213648673887	-6183.337427593316	51.12377891942862	-1486.8204231927336	-1077.5577881285117	-2548.9209289937485	-1070.0382872783218	0.20393684789373415	1.2077081505799048	0.09754097854038554	0.5797260363105387	0.5366711515839582	3.3754733769832512	0.12055587478773955	0.7480705008575403	11.880191973630478	21.192827400668495	-0.4625816670119054	18.51334121214155	14.552557470950573	22.630143663989806	5.9472603756633875	16.243453770785173
875000	-6126.874249919941	-6178.83787824508	51.96362832513938	-1488.1717550809053	-1075.8062252934749	-2544.177404467522	-1070.6824934031774	0.22290261620813895	1.229302055562395	0.11023340744036215	0.6544133604973312	0.5227441946854091	3.2671559807787878	0.12960957274314208	0.8105617091714044	13.036986410792789	18.96247938706012	2.2778285003539374	17.68633402693254	9.98778709520003	10.421169531508419	2.986659552763295	13.405824784545871
880000	-6129.940066812607	-6186.558024167334	56.617957354726585	-1495.3914509570106	-1075.1304648104926	-2544.8185243386365	-1071.2175840611944	0.15361479541678466	0.9644573984960257	0.1096270515815924	0.6525364263741009	0.46524880784611217	3.0865452273187772	0.1084065758976385	0.6962579656768803	15.77274510692233	19.70852932862244	2.973395294665471	18.163287624516347	11.63441220438161	12.883801730851923	3.4486319775964036	24.35278588554571
885000	-6125.661248866528	-6178.010610908261	52.34936204173326	-1485.2921414323687	-1073.527806343677	-2546.612362770082	-1072.5783003621323	0.1946474172014636	1.2084921937070008	0.11333090603519305	0.6430675805115216	0.5256479555553912	3.3173124496839526	0.11286420602699898	0.7527340528698451	13.17222795776777	20.163616091198133	2.180864926151085	16.832653066616267	10.52303311502753	19.105425994037734	3.21426837983435	7.969066244047256
890000	-6135.4061270391	-6185.050477099214	49.64435006011343	-1486.1412987323147	-1078.1954061627525	-2545.6877271117287	-1075.0260450924177	0.18888236240937836	1.1691046274472399	0.11373628720114232	0.691045427989424	0.5037493150999578	3.265982110722964	0.1250741750698772	0.8095953033661836	12.909877930282061	18.383143570456287	0.764365899775455	17.586962659599628	6.35122443715444	9.915771157571772	1.864829415777006	11.72898042795019
895000	-6133.404147533604	-6187.141817400085	53.73766986648056	-1493.2478643252268	-1073.3219192333381	-2549.991586739496	-1070.5804471020228	0.23456752079736895	1.345791669626207	0.11603638952352571	0.6161511994612466	0.5192509444965883	3.1325277827465667	0.1256094025078292	0.7468690459569478	12.096364191542683	20.5608043376051	2.506060822585	18.574440514747778	8.588025099728734	15.127270579902621	4.413306424647235	14.025612350868842
900000	-6126.191140776597	-6176.055387002093	49.86424622549552	-1485.580670269072	-1072.839205994798	-2545.5364580821215	-1072.0990526561015	0.19144178474388207	1.2053331326868615	0.12368203645490532	0.716799186827683	0.48180892807021936	3.2321242174395124	0.15457764356430465	0.9240069892608945	13.322513751413322	18.32854300390374	2.3501588674046623	15.863030602773804	9.142804630040215	21.543060283395473	2.921013957425888	9.032509219471315
905000	-6135.235675827804	-6188.814615182701	53.57893935489732	-1489.8822698499641	-1077.1163933905996	-2546.0984086917592	-1075.7175432503786	0.18830508155348574	1.1445805054568197	0.12028256696962944	0.7102615268995576	0.5152494472075819	3.3618567518707763	0.11505301662485531	0.6665177212536462	13.867293307580457	19.040813596498598	0.9710931210763869	19.699739329741888	10.261267803180234	17.663339118696136	4.933254468281537	14.011413542428466
910000	-6126.469447172654	-6179.075774232262	52.60632705960777	-1489.0457865386309	-1077.9758134339977	-2542.615913308025	-1069.438260951609	0.20280701230749315	1.210830949841338	0.11118074682103615	0.6203653087133868	0.4971509761285676	3.2900170718528603	0.12641160260658155	0.7577271240330673	13.210536295785047	19.83581834774118	1.131602651645955	18.42836976443559	10.083120512200589	11.822621780339263	5.109651418424307	14.61112167623088
915000	-6135.905661870406	-6188.676475192398	52.770813321992506	-1490.0506738356369	-1074.5834366709519	-2552.398898346998	-1071.643466338811	0.19552966009825434	1.2183926630121398	0.11135261656039017	0.6273172242991502	0.457555354106802	3.14445741528708	0.13926921672932505	0.8174622520358454	13.050051242962525	19.389115845151355	2.7494588207577935	17.582187413120828	10.624090845735376	10.772317547369886	3.741041638245966	14.086947854069377
920000	-6134.160747511646	-6187.1452363191565	52.984488807510125	-1492.1582467735097	-1074.118082608868	-2547.524532321643	-1073.3443746151356	0.2152293620728063	1.2233522039207747	0.13705089127183714	0.7524003904623185	0.4341662675514256	3.1428030681439045	0.11346371713775785	0.7384369895765094	13.124139804155043	18.466343020050296	2.7048093922381837	18.689196591066608	9.729958092095178	15.90001606367834	3.927106785204591	15.881944524551992
925000	-6128.806915069266	-6181.661015545362	52.854100476095574	-1487.4811642323953	-1078.7244814331787	-2541.5449796993016	-1073.9103901804863	0.22788858840414777	1.2805502123134782	0.13401917207258032	0.732859808127632	0.4862153022037502	3.2378253447262124	0.10471408626665035	0.6410682353994575	12.206738104166451	18.43877222774843	2.412188686151461	19.796401458029237	11.286540721597202	11.503770078937679	3.698177170056897	22.683134226368654
930000	-6131.414184978379	-6182.462750667286	51.04856568890684	-1487.2519448769212	-1078.5436075538505	-2548.0050589268167	-1068.6621393096977	0.23096924815058995	1.2778341057332594	0.11859398628333279	0.689227999275764	0.47238619348818245	3.237117552948736	0.14524666772304246	0.8552455977622102	12.546853715302614	19.468484588968934	2.1836236306827272	16.849603753952564	7.337416092755647	16.29405317716936	2.6977006114509705	15.7850367937611
935000	-6127.167986365443	-6181.905307337007	54.73732097156426	-1488.7070328823972	-1074.474086789047	-2544.6566332746306	-1074.0675543909317	0.19911410334727034	1.1635507141997754	0.11648566412596842	0.6558958283897077	0.5002410475437667	3.2072308132843013	0.10266531439870048	0.7002912324264097	13.43397852966835	19.786876148570336	2.494210492977931	19.022255800347637	7.489071342923135	20.431877283312673	3.0752469303355885	12.460689879260615
940000	-6135.352213932565	-6185.841818459485	50.48960452691954	-1493.8380212184704	-1077.216832834763	-2544.767654504432	-1070.01930990182	0.2076719368882683	1.2368830872392975	0.1168106522480184	0.6558732453109521	0.4870080691574086	3.1320595602211476	0.14615130360545736	0.8408790785324631	11.941025764677212	19.965719742995212	2.7544253838510624	15.828433635396053	13.477786032982523	15.211004812102997	3.9041031790264227	7.454137794111667
945000	-6131.612180473609	-6183.945823847991	52.333643374381886	-1492.5570274324664	-1077.094099369813	-2543.345413032223	-1070.9492840134878	0.22233999929270898	1.2070520181143802	0.09658398261129617	0.5499430514829071	0.5021365433295449	3.2073049142279095	0.11738421396843451	0.69047835534359	13.130071358774206	21.74860206147959	2.5336111953971345	14.921358758730952	10.846011850245658	24.122413166384348	3.2103632660287342	35.05506190287521
950000	-6130.717594930123	-6184.433267618169	53.715672688046666	-1487.7321516250593	-1078.5291780903062	-2548.052080872545	-1070.1198570302593	0.18604475635029966	1.0967040948913396	0.08688543817590332	0.5689181988026646	0.511365376637828	3.231177333604947	0.13049718124808846	0.8114555424531258	13.993360176940868	21.13985999186364	2.362150238789846	16.220302280452312	12.853215085699327	14.363112073834273	2.9386427657748837	21.770562376040395
955000	-6134.219005113337	-6182.044253911881	47.82524879854434	-1488.0418635201206	-1076.9980751728206	-2545.2380468240276	-1071.7662683949131	0.21723172639243335	1.3485145508282328	0.13926614387550906	0.7832583256707485	0.556277829540824	3.5730343415286745	0.13078298394208682	0.8414523934009379	11.587326986182907	17.72837092262605	1.2425877853881984	17.266963104347187	10.871169185178351	17.804921868035343	3.5697990077243325	13.60159337672351
960000	-6130.0786350473845	-6181.078637257475	51.000002210090145	-1486.5246915708756	-1080.0442977657967	-2544.4219930327167	-1070.0876548880865	0.2145783651426893	1.2017192260175324	0.12486828014742979	0.6646396303451635	0.5367891400917693	3.3763828196059267	0.13281128123402705	0.814377640502504	12.165514179500729	19.870334695668376	1.3450823230848385	17.619071011836205	14.095652000533464	16.471062595613965	4.5064757225960514	12.782622891422866
965000	-6123.646730549912	-6175.058528437925	51.41179788801355	-1486.0027220292723	-1074.399283192759	-2545.199840904588	-1069.4566823113053	0.20099272295947937	1.169350777932515	0.12532219914945256	0.7383527353302044	0.4726364427127529	3.0701614317284562	0.11229340747815525	0.7570852692199842	12.25137024006824	18.582245584149405	2.947566921922948	17.63061514187296	14.992933957485306	12.71337746537974	3.143300261179667	20.82840819821215
970000	-6127.895556197406	-6179.734650688759	51.83909449135281	-1488.6116321873005	-1075.3428962959467	-2546.328210356405	-1069.4519118491066	0.21835764966255178	1.2460723405634118	0.10866225706848293	0.60030167877173	0.5588259662244401	3.5212157181788752	0.11518619082884525	0.7454166684587494	12.91571686470256	20.98452158220466	0.8761216121765067	17.062734432269085	9.613683157393378	17.731544446515006	2.166881114585166	24.020390214758162
975000	-6131.920813895727	-6182.745699841258	50.824885945530994	-1494.1371941727584	-1072.57078728304	-2544.358405171775	-1071.6793132136847	0.2050787696171017	1.298691619136651	0.12516146571659195	0.7151818308030294	0.5411405832690608	3.3874537591629745	0.1269202888917083	0.7511812726678342	12.489971951536576	19.058831791311185	1.1568426105711298	18.119239592112102	8.081432488021603	14.902944653815752	4.647098123909402	11.021730789234164
980000	-6125.295876675985	-6175.636449717232	50.34057304124704	-1485.249367192926	-1072.707444280052	-2546.708030733157	-1070.9716075110966	0.22675458644791713	1.2918124750383946	0.12055873756071826	0.6660156212775994	0.49562344722827933	3.1895929602338446	0.12009087072461266	0.7236322304108359	11.794630683132816	19.754555455261215	1.937171814327967	16.854215088525038	5.720223661340409	14.458870037576624	4.8083974151085425	26.558650711927374
985000	-6133.269830949165	-6185.453478191856	52.18364724269085	-1491.1866821983235	-1074.1961880894557	-2548.328644832047	-1071.7419630720306	0.2242240442429653	1.2202311243907755	0.1189474000421418	0.6651649374427476	0.5559842697308199	3.601055789413142	0.1088667564582824	0.7172350591664685	13.17255328327284	19.425903194436536	0.5524754175113689	19.032715347470106	8.554322919598595	21.63939781321299	2.0721203070603056	15.330613585024537
990000	-6136.509680658332	-6181.689611870097	45.17993121176485	-1489.2445981517785	-1076.4723311469445	-2544.665948996297	-1071.3067335750766	0.22438613440348903	1.2136392727073917	0.12010008726541938	0.7405523827186288	0.5278998627493734	3.482329416313308	0.14159215601929798	0.8919514523790452	11.44003439301952	18.504278852024807	-0.10845768755516882	15.344075654275692	15.295280478722416	17.676024450206047	5.297786448215264	7.281684934723693
995000	-6127.374007966147	-6181.419729924886	54.04572195873929	-1492.0691818955179	-1078.0345271698027	-2542.0017636114276	-1069.314257248139	0.17244212661286	1.0861359892286955	0.10306463354989244	0.581447892160043	0.5226366175031173	3.388924294365319	0.11505629374318216	0.7782405399566994	14.085806626834717	20.35614722986453	1.6574688246026774	17.94629927743737	7.687282699851487	28.092799465523587	4.054853181439429	11.676890201579026
1000000	-6130.918834601062	-6182.701133438843	51.7822988377802	-1494.3459537973863	-1072.6939359611047	-2547.6958576380916	-1067.96538604226	0.22576328750971425	1.2486200503847267	0.11337719405450074	0.6853307136899075	0.5610504853476438	3.2306014970253947	0.12456524967337268	0.812174048693886	12.723379829975384	19.52996858480243	1.9676689617650593	17.561281461237332	10.649886197982312	15.662403774630771	4.549377242558395	15.492778816744677
